#
# A fatal error has been detected by the Java Runtime Environment:
#
#  EXCEPTION_ACCESS_VIOLATION (0xc0000005) at pc=0x0000000063629b4e, pid=10716, tid=7880
#
# JRE version: Java(TM) SE Runtime Environment (8.0_25-b18) (build 1.8.0_25-b18)
# Java VM: Java HotSpot(TM) 64-Bit Server VM (25.25-b02 mixed mode windows-amd64 compressed oops)
# Problematic frame:
# C  [gdal18.dll+0x59b4e]
#
# Failed to write core dump. Minidumps are not enabled by default on client versions of Windows
#
# If you would like to submit a bug report, please visit:
#   http://bugreport.sun.com/bugreport/crash.jsp
# The crash happened outside the Java Virtual Machine in native code.
# See problematic frame for where to report the bug.
#

---------------  T H R E A D  ---------------

Current thread (0x00000000613c9000):  JavaThread "SwingWorker-pool-2-thread-1" daemon [_thread_in_native, id=7880, stack(0x000000006b040000,0x000000006b140000)]

siginfo: ExceptionCode=0xc0000005, reading address 0xffffffffffffffff

Registers:
RAX=0x00000000654c6050, RBX=0x000000006b13f228, RCX=0x00000000654c3ac0, RDX=0x000000006b13f1a0
RSP=0x000000006b13f138, RBP=0x000000006b13f208, RSI=0x00000000654c3ac0, RDI=0x00000000613c91e8
R8 =0x00000000654c3ac0, R9 =0x000000006b13f230, R10=0x0000000002715d68, R11=0x0000000056342810
R12=0x000000013f7ff000, R13=0x000000005710a150, R14=0x000000006b13f240, R15=0x00000000613c9000
RIP=0x0000000063629b4e, EFLAGS=0x0000000000010202

Top of Stack: (sp=0x000000006b13f138)
0x000000006b13f138:   00000000180b7bca 000000006b13f228
0x000000006b13f148:   000000006b13f198 0000000062a00028
0x000000006b13f158:   0000000000000000 0000000000000000
0x000000006b13f168:   0000000000000000 0000000000155060
0x000000006b13f178:   0000000002715d94 000000005710a150
0x000000006b13f188:   0000000056990470 0000000000000001
0x000000006b13f198:   000000005621613b 000000006b13f228
0x000000006b13f1a8:   00000000629bda8c 000000006b13f240
0x000000006b13f1b8:   00000000613c9000 000000065d47b298
0x000000006b13f1c8:   000000006b13f1c8 0000000000000000
0x000000006b13f1d8:   000000006b13f240 00000000571118c8
0x000000006b13f1e8:   0000000000000000 000000005710a150
0x000000006b13f1f8:   0000000000000000 000000006b13f228
0x000000006b13f208:   000000006b13f288 0000000002707b06
0x000000006b13f218:   0000000644006970 000000000270f798
0x000000006b13f228:   000000065d47b298 0000000654c995f8 

Instructions: (pc=0x0000000063629b4e)
0x0000000063629b2e:   8d 05 0c cb 5c 00 48 89 44 24 20 e8 92 da fa ff
0x0000000063629b3e:   66 0f 57 c0 48 83 c4 38 c3 48 8b 01 48 83 c4 38
0x0000000063629b4e:   48 ff 60 60 cc cc cc cc cc cc cc cc cc cc cc cc
0x0000000063629b5e:   cc cc 48 83 ec 28 e8 47 e7 fe ff a8 02 75 14 ba 


Register to memory mapping:

RAX=0x00000000654c6050 is an unknown value
RBX=0x000000006b13f228 is pointing into the stack for thread: 0x00000000613c9000
RCX=0x00000000654c3ac0 is an unknown value
RDX=0x000000006b13f1a0 is pointing into the stack for thread: 0x00000000613c9000
RSP=0x000000006b13f138 is pointing into the stack for thread: 0x00000000613c9000
RBP=0x000000006b13f208 is pointing into the stack for thread: 0x00000000613c9000
RSI=0x00000000654c3ac0 is an unknown value
RDI=0x00000000613c91e8 is an unknown value
R8 =0x00000000654c3ac0 is an unknown value
R9 =0x000000006b13f230 is pointing into the stack for thread: 0x00000000613c9000
R10=0x0000000002715d68 is at code_begin+840 in an Interpreter codelet
method entry point (kind = native)  [0x0000000002715a20, 0x0000000002716380]  2400 bytes
R11=0x0000000056342810 is an unknown value
R12=0x000000013f7ff000 is an unknown value
R13={method} {0x000000005710a158} 'Band_GetNoDataValue' '(JLorg/gdal/gdal/Band;[Ljava/lang/Double;)V' in 'org/gdal/gdal/gdalJNI'
R14=0x000000006b13f240 is pointing into the stack for thread: 0x00000000613c9000
R15=0x00000000613c9000 is a thread


Stack: [0x000000006b040000,0x000000006b140000],  sp=0x000000006b13f138,  free space=1020k
Native frames: (J=compiled Java code, j=interpreted, Vv=VM code, C=native code)
C  [gdal18.dll+0x59b4e]
C  [gdaljni.dll+0x17bca]
C  0x0000000002715d94

Java frames: (J=compiled Java code, j=interpreted, Vv=VM code)
j  org.gdal.gdal.gdalJNI.Band_GetNoDataValue(JLorg/gdal/gdal/Band;[Ljava/lang/Double;)V+0
j  org.gdal.gdal.Band.GetNoDataValue([Ljava/lang/Double;)V+6
j  org.ku.nicheanalyst.maps.objects.GeoTiffObject.getNoData()D+17
j  org.ku.nicheanalyst.ui.display.worker.ModelThresholdGenerator.doInBackground()Ljava/lang/Void;+155
j  org.ku.nicheanalyst.ui.display.worker.ModelThresholdGenerator.doInBackground()Ljava/lang/Object;+1
j  javax.swing.SwingWorker$1.call()Ljava/lang/Object;+14
j  java.util.concurrent.FutureTask.run()V+42
j  javax.swing.SwingWorker.run()V+4
j  java.util.concurrent.ThreadPoolExecutor.runWorker(Ljava/util/concurrent/ThreadPoolExecutor$Worker;)V+95
j  java.util.concurrent.ThreadPoolExecutor$Worker.run()V+5
j  java.lang.Thread.run()V+11
v  ~StubRoutines::call_stub

---------------  P R O C E S S  ---------------

Java Threads: ( => current thread )
=>0x00000000613c9000 JavaThread "SwingWorker-pool-2-thread-1" daemon [_thread_in_native, id=7880, stack(0x000000006b040000,0x000000006b140000)]
  0x00000000613c8800 JavaThread "Swing-Shell" daemon [_thread_blocked, id=3048, stack(0x000000006f820000,0x000000006f920000)]
  0x00000000613c7000 JavaThread "J3D-InputDeviceScheduler-1" [_thread_blocked, id=2288, stack(0x000000006cce0000,0x000000006cde0000)]
  0x00000000613c6000 JavaThread "J3D-SoundSchedulerUpdateThread-1" [_thread_blocked, id=7304, stack(0x000000006cbe0000,0x000000006cce0000)]
  0x00000000613c5800 JavaThread "J3D-RenderStructureUpdateThread-1" [_thread_blocked, id=4672, stack(0x000000006c9f0000,0x000000006caf0000)]
  0x00000000613c4800 JavaThread "J3D-BehaviorScheduler-1" [_thread_blocked, id=8316, stack(0x000000006c880000,0x000000006c980000)]
  0x00000000613c4000 JavaThread "J3D-TransformStructureUpdateThread-1" [_thread_blocked, id=8664, stack(0x000000006c5b0000,0x000000006c6b0000)]
  0x00000000613c3000 JavaThread "J3D-RenderingEnvironmentStructureUpdateThread-1" [_thread_blocked, id=8684, stack(0x000000006c440000,0x000000006c540000)]
  0x00000000613c2800 JavaThread "J3D-SoundStructureUpdateThread-1" [_thread_blocked, id=9016, stack(0x000000006c0c0000,0x000000006c1c0000)]
  0x00000000613c1800 JavaThread "J3D-GeometryStructureUpdateThread-1" [_thread_blocked, id=3216, stack(0x000000006c320000,0x000000006c420000)]
  0x00000000613c1000 JavaThread "J3D-BehaviorStructureUpdateThread-1" [_thread_blocked, id=10648, stack(0x000000006c210000,0x000000006c310000)]
  0x0000000061166000 JavaThread "TimerQueue" daemon [_thread_blocked, id=8864, stack(0x0000000068200000,0x0000000068300000)]
  0x0000000061181800 JavaThread "J3D-Renderer-1" [_thread_blocked, id=9164, stack(0x0000000066250000,0x0000000066350000)]
  0x0000000061180800 JavaThread "J3D-MasterControl-1" [_thread_blocked, id=9672, stack(0x0000000066130000,0x0000000066230000)]
  0x0000000061180000 JavaThread "J3D-NotificationThread" [_thread_blocked, id=4164, stack(0x0000000062ba0000,0x0000000062ca0000)]
  0x000000006117f000 JavaThread "J3D-TimerThread" [_thread_blocked, id=9076, stack(0x0000000065f50000,0x0000000066050000)]
  0x0000000061004800 JavaThread "J3D-RenderingAttributesStructureUpdateThread" [_thread_blocked, id=10948, stack(0x0000000065e40000,0x0000000065f40000)]
  0x0000000002600800 JavaThread "DestroyJavaVM" [_thread_blocked, id=5996, stack(0x0000000002500000,0x0000000002600000)]
  0x0000000060e32000 JavaThread "AWT-EventQueue-0" [_thread_in_native, id=3328, stack(0x00000000626f0000,0x00000000627f0000)]
  0x0000000060e30000 JavaThread "AWT-Windows" daemon [_thread_in_native, id=8904, stack(0x00000000623a0000,0x00000000624a0000)]
  0x0000000060e2d000 JavaThread "AWT-Shutdown" [_thread_blocked, id=1380, stack(0x000000005ffc0000,0x00000000600c0000)]
  0x0000000060e2c800 JavaThread "Java2D Disposer" daemon [_thread_blocked, id=8984, stack(0x0000000062220000,0x0000000062320000)]
  0x0000000058ece800 JavaThread "Service Thread" daemon [_thread_blocked, id=7840, stack(0x00000000605f0000,0x00000000606f0000)]
  0x0000000058eb2000 JavaThread "C1 CompilerThread11" daemon [_thread_blocked, id=1220, stack(0x0000000060460000,0x0000000060560000)]
  0x0000000058e9f000 JavaThread "C1 CompilerThread10" daemon [_thread_blocked, id=10740, stack(0x0000000060230000,0x0000000060330000)]
  0x0000000058e8a000 JavaThread "C1 CompilerThread9" daemon [_thread_blocked, id=11064, stack(0x00000000600c0000,0x00000000601c0000)]
  0x0000000058e89800 JavaThread "C1 CompilerThread8" daemon [_thread_blocked, id=2104, stack(0x000000005fe90000,0x000000005ff90000)]
  0x0000000058e76800 JavaThread "C2 CompilerThread7" daemon [_thread_blocked, id=2200, stack(0x000000005f960000,0x000000005fa60000)]
  0x0000000058e62800 JavaThread "C2 CompilerThread6" daemon [_thread_blocked, id=10804, stack(0x000000005fc90000,0x000000005fd90000)]
  0x0000000058e47800 JavaThread "C2 CompilerThread5" daemon [_thread_blocked, id=1272, stack(0x000000005faa0000,0x000000005fba0000)]
  0x0000000058e2a800 JavaThread "C2 CompilerThread4" daemon [_thread_blocked, id=6152, stack(0x000000005f6a0000,0x000000005f7a0000)]
  0x0000000058dff800 JavaThread "C2 CompilerThread3" daemon [_thread_blocked, id=2260, stack(0x000000005f7e0000,0x000000005f8e0000)]
  0x0000000058dff000 JavaThread "C2 CompilerThread2" daemon [_thread_blocked, id=1828, stack(0x000000005f1f0000,0x000000005f2f0000)]
  0x0000000058dfe000 JavaThread "C2 CompilerThread1" daemon [_thread_blocked, id=8600, stack(0x000000005f560000,0x000000005f660000)]
  0x0000000058df7000 JavaThread "C2 CompilerThread0" daemon [_thread_blocked, id=4544, stack(0x0000000018e50000,0x0000000018f50000)]
  0x0000000058de3800 JavaThread "Attach Listener" daemon [_thread_blocked, id=1836, stack(0x000000005f3a0000,0x000000005f4a0000)]
  0x0000000058de2800 JavaThread "Signal Dispatcher" daemon [_thread_blocked, id=3496, stack(0x000000005ed60000,0x000000005ee60000)]
  0x0000000058d8b000 JavaThread "Finalizer" daemon [_thread_blocked, id=9892, stack(0x000000005f0f0000,0x000000005f1f0000)]
  0x0000000058d85000 JavaThread "Reference Handler" daemon [_thread_blocked, id=8420, stack(0x000000005efd0000,0x000000005f0d0000)]

Other Threads:
  0x0000000055e65800 VMThread [stack: 0x000000005eec0000,0x000000005efc0000] [id=2180]
  0x0000000058ecf800 WatcherThread [stack: 0x0000000060780000,0x0000000060880000] [id=6520]

VM state:not at safepoint (normal execution)

VM Mutex/Monitor currently owned by a thread: None

Heap:
 PSYoungGen      total 611840K, used 499322K [0x000000063f700000, 0x000000066a180000, 0x00000008bf600000)
  eden space 524800K, 95% used [0x000000063f700000,0x000000065de9e948,0x000000065f780000)
  from space 87040K, 0% used [0x0000000664c80000,0x0000000664c80000,0x000000066a180000)
  to   space 87040K, 0% used [0x000000065f780000,0x000000065f780000,0x0000000664c80000)
 ParOldGen       total 1398272K, used 0K [0x000000013f800000, 0x0000000194d80000, 0x000000063f700000)
  object space 1398272K, 0% used [0x000000013f800000,0x000000013f800000,0x0000000194d80000)
 Metaspace       used 20850K, capacity 21036K, committed 21296K, reserved 1069056K
  class space    used 2525K, capacity 2576K, committed 2688K, reserved 1048576K

Card table byte_map: [0x0000000011ac0000,0x00000000156c0000] byte_map_base: 0x00000000110c4000

Marking Bits: (ParMarkBitMap*) 0x000000005690d490
 Begin Bits: [0x0000000019a30000, 0x0000000037a28000)
 End Bits:   [0x0000000037a28000, 0x0000000055a20000)

Polling page: 0x0000000000580000

CodeCache: size=245760Kb used=10370Kb max_used=10370Kb free=235389Kb
 bounds [0x0000000002700000, 0x0000000003130000, 0x0000000011700000]
 total_blobs=3245 nmethods=2469 adapters=685
 compilation: enabled

Compilation events (10 events):
Event: 31.999 Thread 0x0000000058e9f000 nmethod 2590 0x00000000031228d0 code [0x0000000003122a20, 0x0000000003122bb0]
Event: 32.002 Thread 0x0000000058dff800 nmethod 2579 0x0000000003125990 code [0x0000000003125ae0, 0x0000000003125df8]
Event: 32.003 Thread 0x0000000058e89800 2591       3       sun.util.locale.LocaleUtils::toLowerString (95 bytes)
Event: 32.003 Thread 0x0000000058eb2000 2592  s!   3       javax.swing.text.AbstractDocument::readLock (50 bytes)
Event: 32.003 Thread 0x0000000058e8a000 2593  s    3       javax.swing.text.AbstractDocument::readUnlock (43 bytes)
Event: 32.003 Thread 0x0000000058e9f000 2594       3       sun.awt.windows.WComponentPeer::getTarget (5 bytes)
Event: 32.003 Thread 0x0000000058eb2000 nmethod 2592 0x0000000003121e90 code [0x0000000003122020, 0x0000000003122738]
Event: 32.004 Thread 0x0000000058e8a000 nmethod 2593 0x0000000003121690 code [0x0000000003121820, 0x0000000003121d58]
Event: 32.004 Thread 0x0000000058e9f000 nmethod 2594 0x0000000003121350 code [0x00000000031214a0, 0x0000000003121630]
Event: 32.004 Thread 0x0000000058e89800 nmethod 2591 0x0000000003123f50 code [0x0000000003124180, 0x0000000003125168]

GC Heap History (0 events):
No events

Deoptimization events (10 events):
Event: 4.835 Thread 0x0000000060e32000 Uncommon trap: reason=bimorphic action=maybe_recompile pc=0x0000000002de5970 method=javax.swing.UIDefaults.getFromHashtable(Ljava/lang/Object;)Ljava/lang/Object; @ 126
Event: 4.845 Thread 0x0000000060e32000 Uncommon trap: reason=bimorphic action=maybe_recompile pc=0x0000000002de5970 method=javax.swing.UIDefaults.getFromHashtable(Ljava/lang/Object;)Ljava/lang/Object; @ 126
Event: 4.846 Thread 0x0000000060e32000 Uncommon trap: reason=bimorphic action=maybe_recompile pc=0x0000000002de5970 method=javax.swing.UIDefaults.getFromHashtable(Ljava/lang/Object;)Ljava/lang/Object; @ 126
Event: 4.848 Thread 0x0000000060e32000 Uncommon trap: reason=bimorphic action=maybe_recompile pc=0x0000000002de5970 method=javax.swing.UIDefaults.getFromHashtable(Ljava/lang/Object;)Ljava/lang/Object; @ 126
Event: 4.895 Thread 0x0000000060e32000 Uncommon trap: reason=class_check action=maybe_recompile pc=0x0000000002e1585c method=javax.swing.UIDefaults.getFromHashtable(Ljava/lang/Object;)Ljava/lang/Object; @ 92
Event: 4.899 Thread 0x0000000060e32000 Uncommon trap: reason=class_check action=maybe_recompile pc=0x0000000002e1585c method=javax.swing.UIDefaults.getFromHashtable(Ljava/lang/Object;)Ljava/lang/Object; @ 92
Event: 4.939 Thread 0x0000000060e32000 Uncommon trap: reason=unloaded action=reinterpret pc=0x0000000002a02210 method=java.lang.CharacterData.of(I)Ljava/lang/CharacterData; @ 96
Event: 9.075 Thread 0x0000000060e32000 Uncommon trap: reason=class_check action=maybe_recompile pc=0x0000000002e26be4 method=javax.swing.UIDefaults.getFromHashtable(Ljava/lang/Object;)Ljava/lang/Object; @ 92
Event: 9.077 Thread 0x0000000060e32000 Uncommon trap: reason=class_check action=maybe_recompile pc=0x0000000002e26be4 method=javax.swing.UIDefaults.getFromHashtable(Ljava/lang/Object;)Ljava/lang/Object; @ 92
Event: 9.080 Thread 0x0000000060e32000 Uncommon trap: reason=class_check action=maybe_recompile pc=0x0000000002e1585c method=javax.swing.UIDefaults.getFromHashtable(Ljava/lang/Object;)Ljava/lang/Object; @ 92

Internal exceptions (10 events):
Event: 29.254 Thread 0x0000000060e32000 Exception <a 'java/security/PrivilegedActionException'> (0x0000000654c4d038) thrown at [D:\re\workspace\8-2-build-windows-amd64-cygwin\jdk8u25\1677\hotspot\src\share\vm\prims\jvm.cpp, line 1312]
Event: 29.255 Thread 0x0000000060e32000 Exception <a 'java/security/PrivilegedActionException'> (0x0000000654c53540) thrown at [D:\re\workspace\8-2-build-windows-amd64-cygwin\jdk8u25\1677\hotspot\src\share\vm\prims\jvm.cpp, line 1312]
Event: 29.257 Thread 0x0000000060e32000 Exception <a 'java/security/PrivilegedActionException'> (0x0000000654c59460) thrown at [D:\re\workspace\8-2-build-windows-amd64-cygwin\jdk8u25\1677\hotspot\src\share\vm\prims\jvm.cpp, line 1312]
Event: 29.257 Thread 0x0000000060e32000 Exception <a 'java/security/PrivilegedActionException'> (0x0000000654c5c0c8) thrown at [D:\re\workspace\8-2-build-windows-amd64-cygwin\jdk8u25\1677\hotspot\src\share\vm\prims\jvm.cpp, line 1312]
Event: 29.258 Thread 0x0000000060e32000 Exception <a 'java/security/PrivilegedActionException'> (0x0000000654c65610) thrown at [D:\re\workspace\8-2-build-windows-amd64-cygwin\jdk8u25\1677\hotspot\src\share\vm\prims\jvm.cpp, line 1312]
Event: 29.298 Thread 0x0000000060e32000 Exception <a 'java/security/PrivilegedActionException'> (0x0000000654c72690) thrown at [D:\re\workspace\8-2-build-windows-amd64-cygwin\jdk8u25\1677\hotspot\src\share\vm\prims\jvm.cpp, line 1312]
Event: 29.300 Thread 0x0000000060e32000 Exception <a 'java/security/PrivilegedActionException'> (0x0000000654c84508) thrown at [D:\re\workspace\8-2-build-windows-amd64-cygwin\jdk8u25\1677\hotspot\src\share\vm\prims\jvm.cpp, line 1312]
Event: 31.965 Thread 0x0000000060e32000 Exception <a 'java/security/PrivilegedActionException'> (0x0000000654c9a020) thrown at [D:\re\workspace\8-2-build-windows-amd64-cygwin\jdk8u25\1677\hotspot\src\share\vm\prims\jvm.cpp, line 1312]
Event: 31.980 Thread 0x00000000613c9000 Exception <a 'java/security/PrivilegedActionException'> (0x000000065d45f258) thrown at [D:\re\workspace\8-2-build-windows-amd64-cygwin\jdk8u25\1677\hotspot\src\share\vm\prims\jvm.cpp, line 1312]
Event: 31.981 Thread 0x00000000613c9000 Exception <a 'java/security/PrivilegedActionException'> (0x000000065d461120) thrown at [D:\re\workspace\8-2-build-windows-amd64-cygwin\jdk8u25\1677\hotspot\src\share\vm\prims\jvm.cpp, line 1312]

Events (10 events):
Event: 31.981 loading class org/ku/nicheanalyst/common/Const
Event: 31.981 loading class org/ku/nicheanalyst/common/Const done
Event: 31.987 loading class sun/misc/FormattedFloatingDecimal$Form
Event: 31.987 loading class sun/misc/FormattedFloatingDecimal$Form done
Event: 31.987 loading class sun/misc/FormattedFloatingDecimal
Event: 31.987 loading class sun/misc/FormattedFloatingDecimal done
Event: 31.988 loading class sun/misc/FormattedFloatingDecimal$1
Event: 31.988 loading class sun/misc/FormattedFloatingDecimal$1 done
Event: 31.988 loading class sun/misc/FormattedFloatingDecimal$2
Event: 31.988 loading class sun/misc/FormattedFloatingDecimal$2 done


Dynamic libraries:
0x000000013f470000 - 0x000000013f4a4000 	C:\Program Files\Java\jre1.8.0_25\bin\javaw.exe
0x0000000077390000 - 0x0000000077538000 	C:\Windows\SYSTEM32\ntdll.dll
0x0000000077170000 - 0x000000007728f000 	C:\Windows\system32\kernel32.dll
0x000007fefd300000 - 0x000007fefd36c000 	C:\Windows\system32\KERNELBASE.dll
0x000007fefda30000 - 0x000007fefdb0b000 	C:\Windows\system32\ADVAPI32.dll
0x000007feff210000 - 0x000007feff2af000 	C:\Windows\system32\msvcrt.dll
0x000007fefd770000 - 0x000007fefd78f000 	C:\Windows\SYSTEM32\sechost.dll
0x000007fefd5f0000 - 0x000007fefd71d000 	C:\Windows\system32\RPCRT4.dll
0x0000000077290000 - 0x000000007738a000 	C:\Windows\system32\USER32.dll
0x000007fefd7b0000 - 0x000007fefd817000 	C:\Windows\system32\GDI32.dll
0x000007fefdeb0000 - 0x000007fefdebe000 	C:\Windows\system32\LPK.dll
0x000007fefd820000 - 0x000007fefd8e9000 	C:\Windows\system32\USP10.dll
0x000007fefbaa0000 - 0x000007fefbc94000 	C:\Windows\WinSxS\amd64_microsoft.windows.common-controls_6595b64144ccf1df_6.0.7601.17514_none_fa396087175ac9ac\COMCTL32.dll
0x000007fefdf40000 - 0x000007fefdfb1000 	C:\Windows\system32\SHLWAPI.dll
0x000007fefdd60000 - 0x000007fefdd8e000 	C:\Windows\system32\IMM32.DLL
0x000007fefdd90000 - 0x000007fefde99000 	C:\Windows\system32\MSCTF.dll
0x00000000590a0000 - 0x0000000059172000 	C:\Program Files\Java\jre1.8.0_25\bin\msvcr100.dll
0x0000000056130000 - 0x000000005698a000 	C:\Program Files\Java\jre1.8.0_25\bin\server\jvm.dll
0x000007fef4690000 - 0x000007fef4699000 	C:\Windows\system32\WSOCK32.dll
0x000007fefd720000 - 0x000007fefd76d000 	C:\Windows\system32\WS2_32.dll
0x000007fefdea0000 - 0x000007fefdea8000 	C:\Windows\system32\NSI.dll
0x000007fefa6a0000 - 0x000007fefa6db000 	C:\Windows\system32\WINMM.dll
0x0000000077550000 - 0x0000000077557000 	C:\Windows\system32\PSAPI.DLL
0x00000000734a0000 - 0x00000000734af000 	C:\Program Files\Java\jre1.8.0_25\bin\verify.dll
0x0000000059bc0000 - 0x0000000059be8000 	C:\Program Files\Java\jre1.8.0_25\bin\java.dll
0x0000000059ba0000 - 0x0000000059bb6000 	C:\Program Files\Java\jre1.8.0_25\bin\zip.dll
0x000007fefe420000 - 0x000007feff1a9000 	C:\Windows\system32\SHELL32.dll
0x000007feff490000 - 0x000007feff693000 	C:\Windows\system32\ole32.dll
0x000007fefd160000 - 0x000007fefd16f000 	C:\Windows\system32\profapi.dll
0x0000000062050000 - 0x00000000621e8000 	C:\Program Files\Java\jre1.8.0_25\bin\awt.dll
0x000007fefd510000 - 0x000007fefd5e7000 	C:\Windows\system32\OLEAUT32.dll
0x000007fefb890000 - 0x000007fefb8e6000 	C:\Windows\system32\uxtheme.dll
0x000007fefb460000 - 0x000007fefb478000 	C:\Windows\system32\dwmapi.dll
0x000007fefcff0000 - 0x000007fefcfff000 	C:\Windows\system32\CRYPTBASE.dll
0x00000000180a0000 - 0x00000000180ea000 	C:\Program Files\Niche Analyst 3.0\supports\gdal\bin\gdal\java\gdaljni.dll
0x00000000635d0000 - 0x0000000064023000 	C:\Program Files\Niche Analyst 3.0\supports\gdal\bin\gdal18.dll
0x0000000064030000 - 0x00000000643ca000 	C:\Program Files\Niche Analyst 3.0\supports\gdal\bin\xerces-c_2_8.dll
0x0000000018460000 - 0x0000000018529000 	C:\Windows\WinSxS\amd64_microsoft.vc80.crt_1fc8b3b9a1e18e3b_8.0.50727.6195_none_88e41e092fab0294\MSVCR80.dll
0x00000000023f0000 - 0x0000000002415000 	C:\Program Files\Niche Analyst 3.0\supports\gdal\bin\libexpat.dll
0x0000000018100000 - 0x000000001812b000 	C:\Program Files\Niche Analyst 3.0\supports\gdal\bin\LIBPQ.dll
0x000007fefb0a0000 - 0x000007fefb0a7000 	C:\Windows\system32\SHFOLDER.dll
0x000007fefcb80000 - 0x000007fefcb8b000 	C:\Windows\system32\Secur32.dll
0x000007fefcf50000 - 0x000007fefcf75000 	C:\Windows\system32\SSPICLI.DLL
0x0000000018990000 - 0x00000000189f1000 	C:\Program Files\Intel\iCLS Client\SSLEAY32.dll
0x00000000643d0000 - 0x0000000064564000 	C:\Program Files\Intel\iCLS Client\LIBEAY32.dll
0x0000000064570000 - 0x00000000646cd000 	C:\Program Files\Niche Analyst 3.0\supports\gdal\bin\spatialite.dll
0x0000000018b10000 - 0x0000000018b60000 	C:\Program Files\Niche Analyst 3.0\supports\gdal\bin\proj.dll
0x00000000646d0000 - 0x000000006490c000 	C:\Program Files\Niche Analyst 3.0\supports\gdal\bin\geos_c.dll
0x00000000624a0000 - 0x00000000625a9000 	C:\Windows\WinSxS\amd64_microsoft.vc80.crt_1fc8b3b9a1e18e3b_8.0.50727.6195_none_88e41e092fab0294\MSVCP80.dll
0x00000000193f0000 - 0x00000000194d4000 	C:\Program Files\Niche Analyst 3.0\supports\gdal\bin\iconv.dll
0x0000000064910000 - 0x0000000064be7000 	C:\Program Files\Niche Analyst 3.0\supports\gdal\bin\LIBMYSQL.dll
0x0000000018b60000 - 0x0000000018bbb000 	C:\Program Files\Niche Analyst 3.0\supports\gdal\bin\libcurl.dll
0x0000000018870000 - 0x0000000018887000 	C:\Program Files\Niche Analyst 3.0\supports\gdal\bin\zlib1.dll
0x000007feef020000 - 0x000007feef0d1000 	C:\Windows\system32\ODBC32.dll
0x0000000018cd0000 - 0x0000000018cf9000 	C:\Program Files\Niche Analyst 3.0\supports\gdal\bin\openjpeg.dll
0x0000000018d00000 - 0x0000000018d38000 	C:\Windows\system32\odbcint.dll
0x0000000073480000 - 0x0000000073487000 	C:\Program Files\Java\jre1.8.0_25\bin\jawt.dll
0x0000000019050000 - 0x000000001908e000 	C:\Program Files\Niche Analyst 3.0\supports\gdal\bin\gdal\java\j3dcore-ogl.dll
0x000007fef89d0000 - 0x000007fef8aed000 	C:\Windows\system32\OPENGL32.dll
0x000007fef9240000 - 0x000007fef926d000 	C:\Windows\system32\GLU32.dll
0x000007fef6710000 - 0x000007fef6801000 	C:\Windows\system32\DDRAW.dll
0x000007fefc070000 - 0x000007fefc078000 	C:\Windows\system32\DCIMAN32.dll
0x000007feff2b0000 - 0x000007feff487000 	C:\Windows\system32\SETUPAPI.dll
0x000007fefd2b0000 - 0x000007fefd2e6000 	C:\Windows\system32\CFGMGR32.dll
0x000007fefd4f0000 - 0x000007fefd50a000 	C:\Windows\system32\DEVOBJ.dll
0x0000000068940000 - 0x000000006a819000 	C:\Windows\system32\nvoglv64.DLL
0x000007fefc3a0000 - 0x000007fefc3b1000 	C:\Windows\system32\WTSAPI32.dll
0x000007fefc620000 - 0x000007fefc62c000 	C:\Windows\system32\VERSION.dll
0x000007fefd170000 - 0x000007fefd1ab000 	C:\Windows\system32\WINTRUST.dll
0x000007fefd370000 - 0x000007fefd4dd000 	C:\Windows\system32\CRYPT32.dll
0x000007fefd150000 - 0x000007fefd15f000 	C:\Windows\system32\MSASN1.dll
0x000007fefba70000 - 0x000007fefba9d000 	C:\Windows\system32\ntmarta.dll
0x000007feff1b0000 - 0x000007feff202000 	C:\Windows\system32\WLDAP32.dll
0x000007fefc4e0000 - 0x000007fefc51d000 	C:\Windows\system32\WINSTA.dll
0x00000000198d0000 - 0x0000000019917000 	C:\Program Files\Java\jre1.8.0_25\bin\fontmanager.dll
0x0000000019720000 - 0x000000001973a000 	C:\Program Files\Java\jre1.8.0_25\bin\net.dll
0x000007fefc910000 - 0x000007fefc965000 	C:\Windows\system32\mswsock.dll
0x000007fefca90000 - 0x000007fefca97000 	C:\Windows\System32\wship6.dll
0x0000000059080000 - 0x0000000059091000 	C:\Program Files\Java\jre1.8.0_25\bin\nio.dll
0x00000000560a0000 - 0x00000000560e1000 	C:\Program Files\Java\jre1.8.0_25\bin\t2k.dll
0x000007fefd8f0000 - 0x000007fefd989000 	C:\Windows\system32\CLBCatQ.DLL
0x000007fefb2b0000 - 0x000007fefb411000 	C:\Windows\system32\WindowsCodecs.dll
0x000007fefcf90000 - 0x000007fefcfe7000 	C:\Windows\system32\apphelp.dll
0x000007fef51b0000 - 0x000007fef51e1000 	C:\Users\Huijie Qiao\AppData\Roaming\Dropbox\bin\DropboxExt64.25.dll
0x000007fef5170000 - 0x000007fef51a5000 	C:\Windows\system32\EhStorShell.dll
0x000007fefb8f0000 - 0x000007fefba1c000 	C:\Windows\system32\PROPSYS.dll
0x000007fef50f0000 - 0x000007fef516e000 	C:\Windows\System32\cscui.dll
0x000007fef5df0000 - 0x000007fef5dfc000 	C:\Windows\System32\CSCDLL.dll
0x000007fef6cc0000 - 0x000007fef6ccf000 	C:\Windows\system32\CSCAPI.dll
0x000007fef5070000 - 0x000007fef50f0000 	C:\Windows\system32\ntshrui.dll
0x000007fefcae0000 - 0x000007fefcb03000 	C:\Windows\system32\srvcli.dll
0x000007fefa430000 - 0x000007fefa43b000 	C:\Windows\system32\slc.dll
0x000007fef9800000 - 0x000007fef98a0000 	C:\Windows\WinSxS\amd64_microsoft.windows.common-controls_6595b64144ccf1df_5.82.7601.18201_none_a4d3b9377117c3df\comctl32.dll
0x000007fef43d0000 - 0x000007fef456c000 	C:\Windows\system32\NetworkExplorer.dll
0x000007fef4e50000 - 0x000007fef4e84000 	C:\Windows\System32\shdocvw.dll
0x000007fef5b40000 - 0x000007fef5b58000 	C:\Windows\system32\MPR.dll
0x000007fef5b30000 - 0x000007fef5b3a000 	C:\Windows\System32\drprov.dll
0x000007fef5b00000 - 0x000007fef5b22000 	C:\Windows\System32\ntlanman.dll
0x000007fef5ae0000 - 0x000007fef5afd000 	C:\Windows\System32\davclnt.dll
0x000007fef7fe0000 - 0x000007fef7fea000 	C:\Windows\System32\DAVHLPR.dll
0x000007fefab90000 - 0x000007fefaba5000 	C:\Windows\system32\wkscli.dll
0x000007fefabb0000 - 0x000007fefabbc000 	C:\Windows\system32\netutils.dll
0x000007fed7eb0000 - 0x000007fed8121000 	C:\Windows\system32\wpdshext.dll
0x000007fefb670000 - 0x000007fefb886000 	C:\Windows\WinSxS\amd64_microsoft.windows.gdiplus_6595b64144ccf1df_1.1.7601.18455_none_2b283fd671e9bf4d\gdiplus.dll
0x000007fef6940000 - 0x000007fef69fd000 	C:\Windows\system32\PortableDeviceApi.dll
0x000007fef05f0000 - 0x000007fef0617000 	C:\Windows\system32\EhStorAPI.dll
0x000007fef4e40000 - 0x000007fef4e4c000 	C:\Windows\system32\LINKINFO.dll
0x000000005f530000 - 0x000000005f53d000 	C:\Program Files\Niche Analyst 3.0\supports\gdal\bin\gdal\java\gdalconstjni.dll
0x000007fee4700000 - 0x000007fee4825000 	C:\Windows\system32\dbghelp.dll

VM Arguments:
jvm_args: -Dfile.encoding=UTF-8 
java_command: org.ku.nicheanalyst.ui.display.Displayer
java_class_path (initial): D:\Programs\NicheA\bin;D:\eclipse\plugins\org.junit_4.11.0.v201303080030\junit.jar;D:\eclipse\plugins\org.hamcrest.core_1.3.0.v201303031735.jar;D:\Programs\NicheA\libs\commons-lang3-3.1.jar;D:\Programs\NicheA\libs\jdom-1.0.jar;D:\Programs\NicheA\libs\gdal.jar;D:\Programs\NicheA\libs\jproj.jar;D:\Programs\NicheA\libs\weka.jar;D:\Programs\NicheA\libs\mysql-connector-java-5.1.6-bin.jar;D:\Programs\NicheA\libs\commons-math3-3.1.1.jar;D:\Programs\NicheA\libs\xmpcore.jar;D:\Programs\NicheA\libs\jfreechart-1.0.17.jar;D:\Programs\NicheA\libs\jfreesvg-1.4.jar;D:\Programs\NicheA\libs\commons-io-2.4.jar;D:\Programs\NicheA\libs\j3dcore.jar;D:\Programs\NicheA\libs\j3dutils.jar;D:\Programs\NicheA\libs\vecmath.jar;D:\Programs\NicheA\libs\jai_codec.jar;D:\Programs\NicheA\libs\jai_core.jar;D:\Programs\NicheA\libs\gluegen-rt.jar;D:\Programs\NicheA\libs\gluegen.jar;D:\Programs\NicheA\libs\joal.jar;D:\Programs\NicheA\libs\jocl.jar;D:\Programs\NicheA\libs\jogl-all.jar;D:\Programs\NicheA\libs\appbundler-1.0.jar;D:\Programs\NicheA\libs\gluegen-rt-natives-macosx-universal.jar;D:\Programs\NicheA\libs\joal-natives-macosx-universal.jar;D:\Programs\NicheA\libs\jocl-natives-macosx-universal.jar;D:\Programs\NicheA\libs\jogl-all-natives-macosx-universal.jar;D:\Programs\NicheA\libs\lobo-pub.jar;D:\Programs\NicheA\libs\lobo.jar;D:\Programs\NicheA\libs\jcommon-1.0.21.jar;D:\Programs\NicheA\libs\metadata-extractor-2.6.4.jar;D:\Programs\NicheA\libs\cobra-gp-0.98.5.jar;D:\Programs\NicheA\libs\cobra.jar;D:\Programs\NicheA\libs\js.jar
Launcher Type: SUN_STANDARD

Environment Variables:
PATH=C:\Python27\ArcGIS10.1;C:\ProgramData\Oracle\Java\javapath;C:\Program Files (x86)\Intel\iCLS Client\;C:\Program Files\Intel\iCLS Client\;C:\Windows\system32;C:\Windows;C:\Windows\System32\Wbem;C:\Windows\System32\WindowsPowerShell\v1.0\;C:\Program Files\Intel\Intel(R) Management Engine Components\DAL;C:\Program Files\Intel\Intel(R) Management Engine Components\IPT;C:\Program Files (x86)\Intel\Intel(R) Management Engine Components\DAL;C:\Program Files (x86)\Intel\Intel(R) Management Engine Components\IPT;C:\Program Files\Niche Analyst 3.0\supports\gdal\bin\gdal\plugins;C:\Program Files\Niche Analyst 3.0\supports\gdal\bin;C:\Program Files\Niche Analyst 3.0\supports\gdal\bin\gdal\java;C:\Program Files\Niche Analyst 3.0\supports\java3d
USERNAME=Huijie Qiao
OS=Windows_NT
PROCESSOR_IDENTIFIER=Intel64 Family 6 Model 62 Stepping 4, GenuineIntel



---------------  S Y S T E M  ---------------

OS: Windows 7 , 64 bit Build 7601 Service Pack 1

CPU:total 24 (6 cores per cpu, 2 threads per core) family 6 model 62 stepping 4, cmov, cx8, fxsr, mmx, sse, sse2, sse3, ssse3, sse4.1, sse4.2, popcnt, avx, aes, clmul, erms, ht, tsc, tscinvbit

Memory: 4k page, physical 134160612k(120457096k free), swap 134977960k(115063220k free)

vm_info: Java HotSpot(TM) 64-Bit Server VM (25.25-b02) for windows-amd64 JRE (1.8.0_25-b18), built on Oct  7 2014 14:25:37 by "java_re" with MS VC++ 10.0 (VS2010)

time: Wed May 13 16:21:44 2015
elapsed time: 32 seconds (0d 0h 0m 32s)

