#
# A fatal error has been detected by the Java Runtime Environment:
#
#  EXCEPTION_ACCESS_VIOLATION (0xc0000005) at pc=0x0000000063379b4e, pid=4748, tid=10912
#
# JRE version: Java(TM) SE Runtime Environment (8.0_25-b18) (build 1.8.0_25-b18)
# Java VM: Java HotSpot(TM) 64-Bit Server VM (25.25-b02 mixed mode windows-amd64 compressed oops)
# Problematic frame:
# C  [GDI32.dll+0x59b4e]
#
# Failed to write core dump. Minidumps are not enabled by default on client versions of Windows
#
# If you would like to submit a bug report, please visit:
#   http://bugreport.sun.com/bugreport/crash.jsp
# The crash happened outside the Java Virtual Machine in native code.
# See problematic frame for where to report the bug.
#

---------------  T H R E A D  ---------------

Current thread (0x0000000058c9c800):  JavaThread "SwingWorker-pool-2-thread-1" daemon [_thread_in_native, id=10912, stack(0x0000000062f50000,0x0000000063050000)]

siginfo: ExceptionCode=0xc0000005, reading address 0xffffffffffffffff

Registers:
RAX=0x0000000065436050, RBX=0x000000006304ec88, RCX=0x0000000065433ac0, RDX=0x000000006304ec00
RSP=0x000000006304eb98, RBP=0x000000006304ec68, RSI=0x0000000065433ac0, RDI=0x0000000058c9c9e8
R8 =0x0000000065433ac0, R9 =0x000000006304ec90, R10=0x00000000028d5d68, R11=0x0000000056342810
R12=0x000000013f7ff000, R13=0x000000005710a150, R14=0x000000006304eca0, R15=0x0000000058c9c800
RIP=0x0000000063379b4e, EFLAGS=0x0000000000010202

Top of Stack: (sp=0x000000006304eb98)
0x000000006304eb98:   0000000000307bca 000000006304ec88
0x000000006304eba8:   000000006304ebf8 00000000659c0028
0x000000006304ebb8:   0000000000000000 0000000000000000
0x000000006304ebc8:   0000000000000000 000000000012ff60
0x000000006304ebd8:   00000000028d5d94 000000005710a150
0x000000006304ebe8:   0000000056990470 0000000000000001
0x000000006304ebf8:   000000005621613b 000000006304ec88
0x000000006304ec08:   000000006597da44 000000006304eca0
0x000000006304ec18:   0000000058c9c800 00000006401c9da0
0x000000006304ec28:   000000006304ec28 0000000000000000
0x000000006304ec38:   000000006304eca0 00000000571118c8
0x000000006304ec48:   0000000000000000 000000005710a150
0x000000006304ec58:   0000000000000000 000000006304ec88
0x000000006304ec68:   000000006304ece8 00000000028c7b06
0x000000006304ec78:   000000013f8ac330 00000000028cf798
0x000000006304ec88:   00000006401c9da0 000000013f9252e8 

Instructions: (pc=0x0000000063379b4e)
0x0000000063379b2e:   8d 05 0c cb 5c 00 48 89 44 24 20 e8 92 da fa ff
0x0000000063379b3e:   66 0f 57 c0 48 83 c4 38 c3 48 8b 01 48 83 c4 38
0x0000000063379b4e:   48 ff 60 60 cc cc cc cc cc cc cc cc cc cc cc cc
0x0000000063379b5e:   cc cc 48 83 ec 28 e8 47 e7 fe ff a8 02 75 14 ba 


Register to memory mapping:

RAX=0x0000000065436050 is an unknown value
RBX=0x000000006304ec88 is pointing into the stack for thread: 0x0000000058c9c800
RCX=0x0000000065433ac0 is an unknown value
RDX=0x000000006304ec00 is pointing into the stack for thread: 0x0000000058c9c800
RSP=0x000000006304eb98 is pointing into the stack for thread: 0x0000000058c9c800
RBP=0x000000006304ec68 is pointing into the stack for thread: 0x0000000058c9c800
RSI=0x0000000065433ac0 is an unknown value
RDI=0x0000000058c9c9e8 is an unknown value
R8 =0x0000000065433ac0 is an unknown value
R9 =0x000000006304ec90 is pointing into the stack for thread: 0x0000000058c9c800
R10=0x00000000028d5d68 is at code_begin+840 in an Interpreter codelet
method entry point (kind = native)  [0x00000000028d5a20, 0x00000000028d6380]  2400 bytes
R11=0x0000000056342810 is an unknown value
R12=0x000000013f7ff000 is an unknown value
R13={method} {0x000000005710a158} 'Band_GetNoDataValue' '(JLorg/gdal/gdal/Band;[Ljava/lang/Double;)V' in 'org/gdal/gdal/gdalJNI'
R14=0x000000006304eca0 is pointing into the stack for thread: 0x0000000058c9c800
R15=0x0000000058c9c800 is a thread


Stack: [0x0000000062f50000,0x0000000063050000],  sp=0x000000006304eb98,  free space=1018k
Native frames: (J=compiled Java code, j=interpreted, Vv=VM code, C=native code)
C  [gdal18.dll+0x59b4e]
C  [gdaljni.dll+0x17bca]
C  0x00000000028d5d94

Java frames: (J=compiled Java code, j=interpreted, Vv=VM code)
j  org.gdal.gdal.gdalJNI.Band_GetNoDataValue(JLorg/gdal/gdal/Band;[Ljava/lang/Double;)V+0
j  org.gdal.gdal.Band.GetNoDataValue([Ljava/lang/Double;)V+6
j  org.ku.nicheanalyst.maps.objects.GeoTiffObject.getNoData()D+17
j  org.ku.nicheanalyst.ui.display.worker.ModelThresholdGenerator.doInBackground()Ljava/lang/Void;+155
j  org.ku.nicheanalyst.ui.display.worker.ModelThresholdGenerator.doInBackground()Ljava/lang/Object;+1
j  javax.swing.SwingWorker$1.call()Ljava/lang/Object;+14
j  java.util.concurrent.FutureTask.run()V+42
j  javax.swing.SwingWorker.run()V+4
j  java.util.concurrent.ThreadPoolExecutor.runWorker(Ljava/util/concurrent/ThreadPoolExecutor$Worker;)V+95
j  java.util.concurrent.ThreadPoolExecutor$Worker.run()V+5
j  java.lang.Thread.run()V+11
v  ~StubRoutines::call_stub

---------------  P R O C E S S  ---------------

Java Threads: ( => current thread )
=>0x0000000058c9c800 JavaThread "SwingWorker-pool-2-thread-1" daemon [_thread_in_native, id=10912, stack(0x0000000062f50000,0x0000000063050000)]
  0x0000000058c9b000 JavaThread "Swing-Shell" daemon [_thread_blocked, id=1416, stack(0x0000000062e40000,0x0000000062f40000)]
  0x0000000058c99800 JavaThread "J3D-InputDeviceScheduler-1" [_thread_blocked, id=9200, stack(0x000000006cdf0000,0x000000006cef0000)]
  0x0000000058c99000 JavaThread "J3D-SoundSchedulerUpdateThread-1" [_thread_blocked, id=6116, stack(0x000000006cbf0000,0x000000006ccf0000)]
  0x0000000058c98000 JavaThread "J3D-RenderStructureUpdateThread-1" [_thread_blocked, id=4252, stack(0x000000006c9f0000,0x000000006caf0000)]
  0x0000000058c97800 JavaThread "J3D-BehaviorScheduler-1" [_thread_blocked, id=10704, stack(0x000000006c820000,0x000000006c920000)]
  0x0000000058c96800 JavaThread "J3D-TransformStructureUpdateThread-1" [_thread_blocked, id=8884, stack(0x000000006c6d0000,0x000000006c7d0000)]
  0x0000000058c96000 JavaThread "J3D-RenderingEnvironmentStructureUpdateThread-1" [_thread_blocked, id=7676, stack(0x000000006c5d0000,0x000000006c6d0000)]
  0x0000000058c95000 JavaThread "J3D-SoundStructureUpdateThread-1" [_thread_blocked, id=10632, stack(0x000000006c4d0000,0x000000006c5d0000)]
  0x0000000058c94800 JavaThread "J3D-GeometryStructureUpdateThread-1" [_thread_blocked, id=5444, stack(0x000000006c3c0000,0x000000006c4c0000)]
  0x0000000058c93800 JavaThread "J3D-BehaviorStructureUpdateThread-1" [_thread_blocked, id=3912, stack(0x000000006c120000,0x000000006c220000)]
  0x000000006136d800 JavaThread "TimerQueue" daemon [_thread_blocked, id=10748, stack(0x000000006b080000,0x000000006b180000)]
  0x0000000060d2b800 JavaThread "J3D-Renderer-1" [_thread_blocked, id=11000, stack(0x0000000066e00000,0x0000000066f00000)]
  0x0000000060d26000 JavaThread "J3D-MasterControl-1" [_thread_blocked, id=3708, stack(0x00000000670c0000,0x00000000671c0000)]
  0x00000000610a0000 JavaThread "J3D-NotificationThread" [_thread_blocked, id=2264, stack(0x0000000066f50000,0x0000000067050000)]
  0x0000000060e4c800 JavaThread "J3D-TimerThread" [_thread_blocked, id=8240, stack(0x0000000066ce0000,0x0000000066de0000)]
  0x000000006109f000 JavaThread "J3D-RenderingAttributesStructureUpdateThread" [_thread_blocked, id=10224, stack(0x0000000065b50000,0x0000000065c50000)]
  0x00000000027c0800 JavaThread "DestroyJavaVM" [_thread_blocked, id=9816, stack(0x00000000026c0000,0x00000000027c0000)]
  0x000000006090f800 JavaThread "AWT-EventQueue-0" [_thread_in_native, id=2752, stack(0x0000000062440000,0x0000000062540000)]
  0x0000000061191800 JavaThread "AWT-Windows" daemon [_thread_in_native, id=2224, stack(0x00000000621f0000,0x00000000622f0000)]
  0x000000006118f000 JavaThread "AWT-Shutdown" [_thread_blocked, id=396, stack(0x0000000062040000,0x0000000062140000)]
  0x000000006118e000 JavaThread "Java2D Disposer" daemon [_thread_in_vm_trans, id=3324, stack(0x0000000061e20000,0x0000000061f20000)]
  0x0000000058cbf000 JavaThread "Service Thread" daemon [_thread_blocked, id=3936, stack(0x0000000060380000,0x0000000060480000)]
  0x0000000058c92000 JavaThread "C1 CompilerThread11" daemon [_thread_blocked, id=5660, stack(0x000000005ff70000,0x0000000060070000)]
  0x0000000058c81800 JavaThread "C1 CompilerThread10" daemon [_thread_blocked, id=2140, stack(0x00000000600d0000,0x00000000601d0000)]
  0x0000000058c6c800 JavaThread "C1 CompilerThread9" daemon [_thread_blocked, id=7100, stack(0x000000005fe60000,0x000000005ff60000)]
  0x0000000058c5c000 JavaThread "C1 CompilerThread8" daemon [_thread_blocked, id=11096, stack(0x000000005fd50000,0x000000005fe50000)]
  0x0000000058c5b000 JavaThread "C2 CompilerThread7" daemon [_thread_blocked, id=10252, stack(0x000000005f780000,0x000000005f880000)]
  0x0000000058c49800 JavaThread "C2 CompilerThread6" daemon [_thread_blocked, id=1708, stack(0x000000005fb80000,0x000000005fc80000)]
  0x0000000058c36000 JavaThread "C2 CompilerThread5" daemon [_thread_blocked, id=7264, stack(0x000000005f290000,0x000000005f390000)]
  0x0000000058c11000 JavaThread "C2 CompilerThread4" daemon [_thread_blocked, id=8468, stack(0x000000005fa30000,0x000000005fb30000)]
  0x0000000058bf4000 JavaThread "C2 CompilerThread3" daemon [_thread_blocked, id=7668, stack(0x000000005f8e0000,0x000000005f9e0000)]
  0x0000000058bdb800 JavaThread "C2 CompilerThread2" daemon [_thread_blocked, id=3596, stack(0x000000005f630000,0x000000005f730000)]
  0x0000000058bda800 JavaThread "C2 CompilerThread1" daemon [_thread_blocked, id=10296, stack(0x000000005f500000,0x000000005f600000)]
  0x0000000058bd4000 JavaThread "C2 CompilerThread0" daemon [_thread_blocked, id=6196, stack(0x000000005f390000,0x000000005f490000)]
  0x0000000058bc4000 JavaThread "Attach Listener" daemon [_thread_blocked, id=10692, stack(0x000000005f020000,0x000000005f120000)]
  0x0000000058bc3000 JavaThread "Signal Dispatcher" daemon [_thread_blocked, id=9896, stack(0x000000005f180000,0x000000005f280000)]
  0x0000000058b6b000 JavaThread "Finalizer" daemon [_thread_blocked, id=6212, stack(0x000000005eb10000,0x000000005ec10000)]
  0x0000000058b65000 JavaThread "Reference Handler" daemon [_thread_blocked, id=9564, stack(0x000000005eeb0000,0x000000005efb0000)]

Other Threads:
  0x0000000055d15800 VMThread [stack: 0x000000005ecb0000,0x000000005edb0000] [id=2096]
  0x0000000058cc0000 WatcherThread [stack: 0x0000000060500000,0x0000000060600000] [id=11200]

VM state:not at safepoint (normal execution)

VM Mutex/Monitor currently owned by a thread: None

Heap:
 PSYoungGen      total 611840K, used 47783K [0x000000063f700000, 0x000000066a180000, 0x00000008bf600000)
  eden space 524800K, 9% used [0x000000063f700000,0x00000006425a9cc8,0x000000065f780000)
  from space 87040K, 0% used [0x000000065f780000,0x000000065f780000,0x0000000664c80000)
  to   space 87040K, 0% used [0x0000000664c80000,0x0000000664c80000,0x000000066a180000)
 ParOldGen       total 562688K, used 37752K [0x000000013f800000, 0x0000000161d80000, 0x000000063f700000)
  object space 562688K, 6% used [0x000000013f800000,0x0000000141cde318,0x0000000161d80000)
 Metaspace       used 20894K, capacity 21074K, committed 21552K, reserved 1069056K
  class space    used 2520K, capacity 2571K, committed 2688K, reserved 1048576K

Card table byte_map: [0x0000000011c80000,0x0000000015880000] byte_map_base: 0x0000000011284000

Marking Bits: (ParMarkBitMap*) 0x000000005690d490
 Begin Bits: [0x00000000198e0000, 0x00000000378d8000)
 End Bits:   [0x00000000378d8000, 0x00000000558d0000)

Polling page: 0x00000000000b0000

CodeCache: size=245760Kb used=10504Kb max_used=10531Kb free=235256Kb
 bounds [0x00000000028c0000, 0x0000000003310000, 0x00000000118c0000]
 total_blobs=3247 nmethods=2471 adapters=685
 compilation: enabled

Compilation events (10 events):
Event: 33.078 Thread 0x0000000058c5c000 nmethod 2550 0x00000000032f7510 code [0x00000000032f76a0, 0x00000000032f7b58]
Event: 33.078 Thread 0x0000000058c5c000 2553       3       sun.util.locale.provider.LocaleResources::removeEmptyReferences (33 bytes)
Event: 33.078 Thread 0x0000000058c92000 nmethod 2551 0x00000000032f7d50 code [0x00000000032f7ee0, 0x00000000032f8258]
Event: 33.078 Thread 0x0000000058c92000 2554       3       sun.util.locale.provider.JRELocaleProviderAdapter::getLocaleResources (51 bytes)
Event: 33.078 Thread 0x0000000058c6c800 nmethod 2552 0x00000000032f8410 code [0x00000000032f85a0, 0x00000000032f89e8]
Event: 33.078 Thread 0x0000000058c6c800 2555   !   3       sun.util.locale.provider.JRELocaleProviderAdapter::getDecimalFormatSymbolsProvider (56 bytes)
Event: 33.166 Thread 0x0000000058c5c000 nmethod 2553 0x00000000032fa010 code [0x00000000032fa1c0, 0x00000000032fa978]
Event: 33.166 Thread 0x0000000058c5c000 2556       3       java.text.DecimalFormatSymbols::getInstance (37 bytes)
Event: 33.166 Thread 0x0000000058c92000 nmethod 2554 0x00000000032fabd0 code [0x00000000032fad80, 0x00000000032fb428]
Event: 33.166 Thread 0x0000000058c92000 2557       3       sun.util.locale.provider.DecimalFormatSymbolsProviderImpl::getInstance (21 bytes)

GC Heap History (4 events):
Event: 33.079 GC heap before
{Heap before GC invocations=1 (full 0):
 PSYoungGen      total 611840K, used 457337K [0x000000063f700000, 0x000000066a180000, 0x00000008bf600000)
  eden space 524800K, 87% used [0x000000063f700000,0x000000065b59e7e0,0x000000065f780000)
  from space 87040K, 0% used [0x0000000664c80000,0x0000000664c80000,0x000000066a180000)
  to   space 87040K, 0% used [0x000000065f780000,0x000000065f780000,0x0000000664c80000)
 ParOldGen       total 1398272K, used 0K [0x000000013f800000, 0x0000000194d80000, 0x000000063f700000)
  object space 1398272K, 0% used [0x000000013f800000,0x000000013f800000,0x0000000194d80000)
 Metaspace       used 20841K, capacity 21012K, committed 21296K, reserved 1069056K
  class space    used 2516K, capacity 2572K, committed 2688K, reserved 1048576K
Event: 33.112 GC heap after
Heap after GC invocations=1 (full 0):
 PSYoungGen      total 611840K, used 47539K [0x000000063f700000, 0x000000066a180000, 0x00000008bf600000)
  eden space 524800K, 0% used [0x000000063f700000,0x000000063f700000,0x000000065f780000)
  from space 87040K, 54% used [0x000000065f780000,0x00000006625ecd50,0x0000000664c80000)
  to   space 87040K, 0% used [0x0000000664c80000,0x0000000664c80000,0x000000066a180000)
 ParOldGen       total 1398272K, used 115K [0x000000013f800000, 0x0000000194d80000, 0x000000063f700000)
  object space 1398272K, 0% used [0x000000013f800000,0x000000013f81cc60,0x0000000194d80000)
 Metaspace       used 20841K, capacity 21012K, committed 21296K, reserved 1069056K
  class space    used 2516K, capacity 2572K, committed 2688K, reserved 1048576K
}
Event: 33.112 GC heap before
{Heap before GC invocations=2 (full 1):
 PSYoungGen      total 611840K, used 47539K [0x000000063f700000, 0x000000066a180000, 0x00000008bf600000)
  eden space 524800K, 0% used [0x000000063f700000,0x000000063f700000,0x000000065f780000)
  from space 87040K, 54% used [0x000000065f780000,0x00000006625ecd50,0x0000000664c80000)
  to   space 87040K, 0% used [0x0000000664c80000,0x0000000664c80000,0x000000066a180000)
 ParOldGen       total 1398272K, used 115K [0x000000013f800000, 0x0000000194d80000, 0x000000063f700000)
  object space 1398272K, 0% used [0x000000013f800000,0x000000013f81cc60,0x0000000194d80000)
 Metaspace       used 20841K, capacity 21012K, committed 21296K, reserved 1069056K
  class space    used 2516K, capacity 2572K, committed 2688K, reserved 1048576K
Event: 33.166 GC heap after
Heap after GC invocations=2 (full 1):
 PSYoungGen      total 611840K, used 0K [0x000000063f700000, 0x000000066a180000, 0x00000008bf600000)
  eden space 524800K, 0% used [0x000000063f700000,0x000000063f700000,0x000000065f780000)
  from space 87040K, 0% used [0x000000065f780000,0x000000065f780000,0x0000000664c80000)
  to   space 87040K, 0% used [0x0000000664c80000,0x0000000664c80000,0x000000066a180000)
 ParOldGen       total 562688K, used 37752K [0x000000013f800000, 0x0000000161d80000, 0x000000063f700000)
  object space 562688K, 6% used [0x000000013f800000,0x0000000141cde318,0x0000000161d80000)
 Metaspace       used 20840K, capacity 21010K, committed 21296K, reserved 1069056K
  class space    used 2515K, capacity 2571K, committed 2688K, reserved 1048576K
}

Deoptimization events (10 events):
Event: 17.489 Thread 0x000000006090f800 Uncommon trap: reason=bimorphic action=maybe_recompile pc=0x000000000306bd70 method=javax.swing.UIDefaults.getFromHashtable(Ljava/lang/Object;)Ljava/lang/Object; @ 126
Event: 17.490 Thread 0x000000006090f800 Uncommon trap: reason=bimorphic action=maybe_recompile pc=0x000000000306bd70 method=javax.swing.UIDefaults.getFromHashtable(Ljava/lang/Object;)Ljava/lang/Object; @ 126
Event: 17.491 Thread 0x000000006090f800 Uncommon trap: reason=bimorphic action=maybe_recompile pc=0x000000000306bd70 method=javax.swing.UIDefaults.getFromHashtable(Ljava/lang/Object;)Ljava/lang/Object; @ 126
Event: 17.493 Thread 0x000000006090f800 Uncommon trap: reason=bimorphic action=maybe_recompile pc=0x00000000030651f0 method=javax.swing.UIDefaults.getFromHashtable(Ljava/lang/Object;)Ljava/lang/Object; @ 126
Event: 17.526 Thread 0x0000000058c9b000 Uncommon trap: reason=class_check action=maybe_recompile pc=0x00000000030b5ab0 method=java.util.concurrent.locks.AbstractQueuedSynchronizer.release(I)Z @ 2
Event: 17.526 Thread 0x0000000058c9b000 Uncommon trap: reason=class_check action=maybe_recompile pc=0x00000000030b5ab0 method=java.util.concurrent.locks.AbstractQueuedSynchronizer.release(I)Z @ 2
Event: 17.527 Thread 0x0000000058c9b000 Uncommon trap: reason=class_check action=maybe_recompile pc=0x00000000030b5ab0 method=java.util.concurrent.locks.AbstractQueuedSynchronizer.release(I)Z @ 2
Event: 17.527 Thread 0x0000000058c9b000 Uncommon trap: reason=class_check action=maybe_recompile pc=0x00000000030b5ab0 method=java.util.concurrent.locks.AbstractQueuedSynchronizer.release(I)Z @ 2
Event: 17.570 Thread 0x000000006090f800 Uncommon trap: reason=unloaded action=reinterpret pc=0x0000000002bc1bd0 method=java.lang.CharacterData.of(I)Ljava/lang/CharacterData; @ 96
Event: 20.196 Thread 0x000000006090f800 Uncommon trap: reason=unreached action=reinterpret pc=0x000000000309a3c0 method=java.awt.Container.findComponentAtImpl(IIZ)Ljava/awt/Component; @ 141

Internal exceptions (10 events):
Event: 30.260 Thread 0x000000006090f800 Exception <a 'java/security/PrivilegedActionException'> (0x00000006536fa7e0) thrown at [D:\re\workspace\8-2-build-windows-amd64-cygwin\jdk8u25\1677\hotspot\src\share\vm\prims\jvm.cpp, line 1312]
Event: 30.261 Thread 0x000000006090f800 Exception <a 'java/security/PrivilegedActionException'> (0x0000000653700ce8) thrown at [D:\re\workspace\8-2-build-windows-amd64-cygwin\jdk8u25\1677\hotspot\src\share\vm\prims\jvm.cpp, line 1312]
Event: 30.263 Thread 0x000000006090f800 Exception <a 'java/security/PrivilegedActionException'> (0x0000000653706c08) thrown at [D:\re\workspace\8-2-build-windows-amd64-cygwin\jdk8u25\1677\hotspot\src\share\vm\prims\jvm.cpp, line 1312]
Event: 30.264 Thread 0x000000006090f800 Exception <a 'java/security/PrivilegedActionException'> (0x0000000653709870) thrown at [D:\re\workspace\8-2-build-windows-amd64-cygwin\jdk8u25\1677\hotspot\src\share\vm\prims\jvm.cpp, line 1312]
Event: 30.266 Thread 0x000000006090f800 Exception <a 'java/security/PrivilegedActionException'> (0x0000000653712db8) thrown at [D:\re\workspace\8-2-build-windows-amd64-cygwin\jdk8u25\1677\hotspot\src\share\vm\prims\jvm.cpp, line 1312]
Event: 30.298 Thread 0x000000006090f800 Exception <a 'java/security/PrivilegedActionException'> (0x000000065371fe38) thrown at [D:\re\workspace\8-2-build-windows-amd64-cygwin\jdk8u25\1677\hotspot\src\share\vm\prims\jvm.cpp, line 1312]
Event: 30.300 Thread 0x000000006090f800 Exception <a 'java/security/PrivilegedActionException'> (0x0000000653731cb0) thrown at [D:\re\workspace\8-2-build-windows-amd64-cygwin\jdk8u25\1677\hotspot\src\share\vm\prims\jvm.cpp, line 1312]
Event: 33.054 Thread 0x000000006090f800 Exception <a 'java/security/PrivilegedActionException'> (0x00000006537477c8) thrown at [D:\re\workspace\8-2-build-windows-amd64-cygwin\jdk8u25\1677\hotspot\src\share\vm\prims\jvm.cpp, line 1312]
Event: 33.060 Thread 0x0000000058c9c800 Exception <a 'java/security/PrivilegedActionException'> (0x000000065ab5f0f0) thrown at [D:\re\workspace\8-2-build-windows-amd64-cygwin\jdk8u25\1677\hotspot\src\share\vm\prims\jvm.cpp, line 1312]
Event: 33.061 Thread 0x0000000058c9c800 Exception <a 'java/security/PrivilegedActionException'> (0x000000065ab60fb8) thrown at [D:\re\workspace\8-2-build-windows-amd64-cygwin\jdk8u25\1677\hotspot\src\share\vm\prims\jvm.cpp, line 1312]

Events (10 events):
Event: 33.062 loading class sun/misc/FormattedFloatingDecimal$Form done
Event: 33.063 loading class sun/misc/FormattedFloatingDecimal
Event: 33.063 loading class sun/misc/FormattedFloatingDecimal done
Event: 33.063 loading class sun/misc/FormattedFloatingDecimal$1
Event: 33.063 loading class sun/misc/FormattedFloatingDecimal$1 done
Event: 33.063 loading class sun/misc/FormattedFloatingDecimal$2
Event: 33.063 loading class sun/misc/FormattedFloatingDecimal$2 done
Event: 33.078 Executing VM operation: CollectForMetadataAllocation
Event: 33.166 Executing VM operation: CollectForMetadataAllocation done
Event: 33.166 loading class sun/awt/shell/Win32ShellFolder2$FolderDisposer$1


Dynamic libraries:
0x000000013f470000 - 0x000000013f4a4000 	C:\Program Files\Java\jre1.8.0_25\bin\javaw.exe
0x0000000077390000 - 0x0000000077538000 	C:\Windows\SYSTEM32\ntdll.dll
0x0000000077170000 - 0x000000007728f000 	C:\Windows\system32\kernel32.dll
0x000007fefd300000 - 0x000007fefd36c000 	C:\Windows\system32\KERNELBASE.dll
0x000007fefda30000 - 0x000007fefdb0b000 	C:\Windows\system32\ADVAPI32.dll
0x000007feff210000 - 0x000007feff2af000 	C:\Windows\system32\profapi.dll
0x000007fefd770000 - 0x000007fefd78f000 	C:\Windows\SYSTEM32\sechost.dll
0x000007fefd5f0000 - 0x000007fefd71d000 	C:\Program Files\Java\jre1.8.0_25\bin\awt.dll
0x0000000077290000 - 0x000000007738a000 	C:\Windows\system32\USER32.dll
0x000007fefd7b0000 - 0x000007fefd817000 	C:\Windows\system32\GDI32.dll
0x000007fefdeb0000 - 0x000007fefdebe000 	C:\Windows\system32\LPK.dll
0x000007fefd820000 - 0x000007fefd8e9000 	C:\Windows\system32\USP10.dll
0x000007fefbaa0000 - 0x000007fefbc94000 	C:\Windows\WinSxS\amd64_microsoft.windows.common-controls_6595b64144ccf1df_6.0.7601.17514_none_fa396087175ac9ac\COMCTL32.dll
0x000007fefdf40000 - 0x000007fefdfb1000 	C:\Windows\system32\kernel32.dll
0x000007fefdd60000 - 0x000007fefdd8e000 	C:\Windows\system32\msvcrt.dll
0x000007fefdd90000 - 0x000007fefde99000 	C:\Windows\system32\USER32.dll
0x00000000590a0000 - 0x0000000059172000 	C:\Windows\system32\LPK.dll
0x0000000056130000 - 0x000000005698a000 	C:\Windows\WinSxS\amd64_microsoft.windows.common-controls_6595b64144ccf1df_6.0.7601.17514_none_fa396087175ac9ac\COMCTL32.dll
0x000007fef4690000 - 0x000007fef4699000 	C:\Windows\system32\IMM32.DLL
0x000007fefd720000 - 0x000007fefd76d000 	C:\Windows\system32\WS2_32.dll
0x000007fefdea0000 - 0x000007fefdea8000 	C:\Program Files\Java\jre1.8.0_25\bin\server\jvm.dll
0x000007fefa6a0000 - 0x000007fefa6db000 	C:\Windows\system32\WS2_32.dll
0x0000000077550000 - 0x0000000077557000 	C:\Windows\system32\PSAPI.DLL
0x00000000734a0000 - 0x00000000734af000 	C:\Windows\system32\PSAPI.DLL
0x0000000059bc0000 - 0x0000000059be8000 	C:\Program Files\Java\jre1.8.0_25\bin\java.dll
0x0000000059ba0000 - 0x0000000059bb6000 	C:\Program Files\Java\jre1.8.0_25\bin\zip.dll
0x000007fefe420000 - 0x000007feff1a9000 	C:\Windows\system32\SHELL32.dll
0x000007feff490000 - 0x000007feff693000 	C:\Windows\system32\ole32.dll
0x000007fefd160000 - 0x000007fefd16f000 	C:\Windows\system32\profapi.dll
0x00000000601d0000 - 0x0000000060368000 	C:\Program Files\Java\jre1.8.0_25\bin\awt.dll
0x000007fefd510000 - 0x000007fefd5e7000 	C:\Windows\system32\OLEAUT32.dll
0x000007fefb890000 - 0x000007fefb8e6000 	C:\Windows\system32\KERNELBASE.dll
0x000007fefb460000 - 0x000007fefb478000 	C:\Windows\system32\USER32.dll
0x000007fefcff0000 - 0x000007fefcfff000 	C:\Windows\system32\USP10.dll
0x00000000002f0000 - 0x000000000033a000 	C:\Windows\system32\IMM32.DLL
0x0000000063320000 - 0x0000000063d73000 	C:\Program Files\Java\jre1.8.0_25\bin\server\jvm.dll
0x0000000063d80000 - 0x000000006411a000 	C:\Windows\system32\WS2_32.dll
0x0000000056060000 - 0x0000000056129000 	C:\Windows\system32\PSAPI.DLL
0x0000000001dd0000 - 0x0000000001df5000 	C:\Program Files\Java\jre1.8.0_25\bin\java.dll
0x0000000001e10000 - 0x0000000001e3b000 	C:\Windows\system32\SHELL32.dll
0x000007fefb0a0000 - 0x000007fefb0a7000 	C:\Windows\system32\SHFOLDER.dll
0x000007fefcb80000 - 0x000007fefcb8b000 	C:\Program Files\Java\jre1.8.0_25\bin\awt.dll
0x000007fefcf50000 - 0x000007fefcf75000 	C:\Windows\system32\SSPICLI.DLL
0x0000000019070000 - 0x00000000190d1000 	C:\Program Files\Intel\iCLS Client\SSLEAY32.dll
0x0000000064120000 - 0x00000000642b4000 	C:\Windows\System32\RPCRT4.dll0x00000000642c0000 - 0x000000006441d000 	C:\Windows\system32\USP10.dll
0x0000000018190000 - 0x00000000181e0000 	C:\Windows\system32\MSCTF.dll
0x0000000064420000 - 0x000000006465c000 	C:\Windows\system32\WSOCK32.dll
0x0000000064660000 - 0x0000000064769000 	C:\Windows\system32\NSI.dll
0x000000005edb0000 - 0x000000005ee94000 	C:\Program Files\Java\jre1.8.0_25\bin\verify.dll
0x0000000064770000 - 0x0000000064a47000 	C:\Program Files\Java\jre1.8.0_25\bin\zip.dll
0x00000000192f0000 - 0x000000001934b000 	C:\Windows\system32\ole32.dll
0x00000000182f0000 - 0x0000000018307000 	C:\Program Files\Java\jre1.8.0_25\bin\awt.dll
0x000007feef020000 - 0x000007feef0d1000 	C:\Windows\system32\ODBC32.dll
0x0000000018420000 - 0x0000000018449000 	C:\Program Files\Niche Analyst 3.0\supports\gdal\bin\openjpeg.dll
0x00000000188a0000 - 0x00000000188d8000 	C:\Windows\system32\odbcint.dll
0x0000000073470000 - 0x0000000073477000 	C:\Program Files\Java\jre1.8.0_25\bin\jawt.dll
0x0000000019350000 - 0x000000001938e000 	C:\Program Files\Niche Analyst 3.0\supports\gdal\bin\gdal\java\j3dcore-ogl.dll
0x000007fef66f0000 - 0x000007fef680d000 	C:\Windows\system32\OPENGL32.dll
0x000007fef9120000 - 0x000007fef914d000 	C:\Windows\system32\GLU32.dll
0x000007fef89f0000 - 0x000007fef8ae1000 	C:\Windows\system32\DDRAW.dll
0x000007fefb0b0000 - 0x000007fefb0b8000 	C:\Windows\system32\DCIMAN32.dll
0x000007feff2b0000 - 0x000007feff487000 	C:\Windows\system32\SETUPAPI.dll
0x000007fefd2b0000 - 0x000007fefd2e6000 	C:\Windows\system32\CFGMGR32.dll
0x000007fefd4f0000 - 0x000007fefd50a000 	C:\Windows\system32\DEVOBJ.dll
0x0000000068760000 - 0x000000006a639000 	C:\Windows\system32\nvoglv64.DLL
0x000007fefc3a0000 - 0x000007fefc3b1000 	C:\Windows\system32\WTSAPI32.dll
0x000007fefc620000 - 0x000007fefc62c000 	C:\Windows\system32\VERSION.dll
0x000007fefd170000 - 0x000007fefd1ab000 	C:\Windows\system32\WINTRUST.dll
0x000007fefd370000 - 0x000007fefd4dd000 	C:\Windows\system32\CRYPT32.dll
0x000007fefd150000 - 0x000007fefd15f000 	C:\Windows\system32\MSASN1.dll
0x000007fefba70000 - 0x000007fefba9d000 	C:\Windows\system32\ntmarta.dll
0x000007feff1b0000 - 0x000007feff202000 	C:\Windows\system32\WLDAP32.dll
0x000007fefc4e0000 - 0x000007fefc51d000 	C:\Windows\system32\WINSTA.dll
0x0000000059b10000 - 0x0000000059b57000 	C:\Program Files\Java\jre1.8.0_25\bin\fontmanager.dll
0x0000000018570000 - 0x000000001858a000 	C:\Program Files\Java\jre1.8.0_25\bin\net.dll
0x000007fefc910000 - 0x000007fefc965000 	C:\Windows\system32\mswsock.dll
0x000007fefca90000 - 0x000007fefca97000 	C:\Windows\System32\wship6.dll
0x0000000018f50000 - 0x0000000018f61000 	C:\Program Files\Java\jre1.8.0_25\bin\nio.dll
0x000000005ec10000 - 0x000000005ec51000 	C:\Program Files\Java\jre1.8.0_25\bin\t2k.dll
0x000007fefd8f0000 - 0x000007fefd989000 	C:\Windows\system32\CLBCatQ.DLL
0x000007fefb2b0000 - 0x000007fefb411000 	C:\Windows\system32\WindowsCodecs.dll
0x000007fefcf90000 - 0x000007fefcfe7000 	C:\Windows\system32\apphelp.dll
0x000007fef51b0000 - 0x000007fef51e1000 	C:\Users\Huijie Qiao\AppData\Roaming\Dropbox\bin\DropboxExt64.25.dll
0x000007fef5170000 - 0x000007fef51a5000 	C:\Windows\system32\EhStorShell.dll
0x000007fefb8f0000 - 0x000007fefba1c000 	C:\Windows\system32\PROPSYS.dll
0x000007fef50f0000 - 0x000007fef516e000 	C:\Windows\System32\cscui.dll
0x000007fef5df0000 - 0x000007fef5dfc000 	C:\Windows\System32\CSCDLL.dll
0x000007fef6cc0000 - 0x000007fef6ccf000 	C:\Windows\system32\CSCAPI.dll
0x000007fef5070000 - 0x000007fef50f0000 	C:\Windows\system32\ntshrui.dll
0x000007fefcae0000 - 0x000007fefcb03000 	C:\Windows\system32\srvcli.dll
0x000007fefa430000 - 0x000007fefa43b000 	C:\Windows\system32\slc.dll
0x000007fef9800000 - 0x000007fef98a0000 	C:\Windows\WinSxS\amd64_microsoft.windows.common-controls_6595b64144ccf1df_5.82.7601.18201_none_a4d3b9377117c3df\comctl32.dll
0x000007fef43d0000 - 0x000007fef456c000 	C:\Windows\system32\NetworkExplorer.dll
0x000007fef4e50000 - 0x000007fef4e84000 	C:\Windows\System32\shdocvw.dll
0x000007fef5b40000 - 0x000007fef5b58000 	C:\Windows\system32\MPR.dll
0x000007fef5b30000 - 0x000007fef5b3a000 	C:\Windows\System32\drprov.dll
0x000007fef5b00000 - 0x000007fef5b22000 	C:\Windows\System32\ntlanman.dll
0x000007fef5ae0000 - 0x000007fef5afd000 	C:\Windows\System32\davclnt.dll
0x000007fef7fe0000 - 0x000007fef7fea000 	C:\Windows\System32\DAVHLPR.dll
0x000007fefab90000 - 0x000007fefaba5000 	C:\Windows\system32\wkscli.dll
0x000007fefabb0000 - 0x000007fefabbc000 	C:\Windows\system32\netutils.dll
0x000007fed9f20000 - 0x000007feda191000 	C:\Windows\system32\wpdshext.dll
0x000007fefb670000 - 0x000007fefb886000 	C:\Windows\WinSxS\amd64_microsoft.windows.gdiplus_6595b64144ccf1df_1.1.7601.18455_none_2b283fd671e9bf4d\gdiplus.dll
0x000007fef6940000 - 0x000007fef69fd000 	C:\Windows\system32\PortableDeviceApi.dll
0x000007fef05f0000 - 0x000007fef0617000 	C:\Windows\system32\EhStorAPI.dll
0x000007fef4e40000 - 0x000007fef4e4c000 	C:\Windows\system32\LINKINFO.dll
0x000000005f750000 - 0x000000005f75d000 	C:\Program Files\Niche Analyst 3.0\supports\gdal\bin\gdal\java\gdalconstjni.dll
0x000007fee4700000 - 0x000007fee4825000 	C:\Windows\system32\dbghelp.dll

VM Arguments:
jvm_args: -Dfile.encoding=UTF-8 
java_command: org.ku.nicheanalyst.ui.display.Displayer
java_class_path (initial): D:\Programs\NicheA\bin;D:\eclipse\plugins\org.junit_4.11.0.v201303080030\junit.jar;D:\eclipse\plugins\org.hamcrest.core_1.3.0.v201303031735.jar;D:\Programs\NicheA\libs\commons-lang3-3.1.jar;D:\Programs\NicheA\libs\jdom-1.0.jar;D:\Programs\NicheA\libs\gdal.jar;D:\Programs\NicheA\libs\jproj.jar;D:\Programs\NicheA\libs\weka.jar;D:\Programs\NicheA\libs\mysql-connector-java-5.1.6-bin.jar;D:\Programs\NicheA\libs\commons-math3-3.1.1.jar;D:\Programs\NicheA\libs\xmpcore.jar;D:\Programs\NicheA\libs\jfreechart-1.0.17.jar;D:\Programs\NicheA\libs\jfreesvg-1.4.jar;D:\Programs\NicheA\libs\commons-io-2.4.jar;D:\Programs\NicheA\libs\j3dcore.jar;D:\Programs\NicheA\libs\j3dutils.jar;D:\Programs\NicheA\libs\vecmath.jar;D:\Programs\NicheA\libs\jai_codec.jar;D:\Programs\NicheA\libs\jai_core.jar;D:\Programs\NicheA\libs\gluegen-rt.jar;D:\Programs\NicheA\libs\gluegen.jar;D:\Programs\NicheA\libs\joal.jar;D:\Programs\NicheA\libs\jocl.jar;D:\Programs\NicheA\libs\jogl-all.jar;D:\Programs\NicheA\libs\appbundler-1.0.jar;D:\Programs\NicheA\libs\gluegen-rt-natives-macosx-universal.jar;D:\Programs\NicheA\libs\joal-natives-macosx-universal.jar;D:\Programs\NicheA\libs\jocl-natives-macosx-universal.jar;D:\Programs\NicheA\libs\jogl-all-natives-macosx-universal.jar;D:\Programs\NicheA\libs\lobo-pub.jar;D:\Programs\NicheA\libs\lobo.jar;D:\Programs\NicheA\libs\jcommon-1.0.21.jar;D:\Programs\NicheA\libs\metadata-extractor-2.6.4.jar;D:\Programs\NicheA\libs\cobra-gp-0.98.5.jar;D:\Programs\NicheA\libs\cobra.jar;D:\Programs\NicheA\libs\js.jar
Launcher Type: SUN_STANDARD

Environment Variables:
PATH=C:\Python27\ArcGIS10.1;C:\ProgramData\Oracle\Java\javapath;C:\Program Files (x86)\Intel\iCLS Client\;C:\Program Files\Intel\iCLS Client\;C:\Windows\system32;C:\Windows;C:\Windows\System32\Wbem;C:\Windows\System32\WindowsPowerShell\v1.0\;C:\Program Files\Intel\Intel(R) Management Engine Components\DAL;C:\Program Files\Intel\Intel(R) Management Engine Components\IPT;C:\Program Files (x86)\Intel\Intel(R) Management Engine Components\DAL;C:\Program Files (x86)\Intel\Intel(R) Management Engine Components\IPT;C:\Program Files\Niche Analyst 3.0\supports\gdal\bin\gdal\plugins;C:\Program Files\Niche Analyst 3.0\supports\gdal\bin;C:\Program Files\Niche Analyst 3.0\supports\gdal\bin\gdal\java;C:\Program Files\Niche Analyst 3.0\supports\java3d
USERNAME=Huijie Qiao
OS=Windows_NT
PROCESSOR_IDENTIFIER=Intel64 Family 6 Model 62 Stepping 4, GenuineIntel



---------------  S Y S T E M  ---------------

OS: Windows 7 , 64 bit Build 7601 Service Pack 1

CPU:total 24 (6 cores per cpu, 2 threads per core) family 6 model 62 stepping 4, cmov, cx8, fxsr, mmx, sse, sse2, sse3, ssse3, sse4.1, sse4.2, popcnt, avx, aes, clmul, erms, ht, tsc, tscinvbit

Memory: 4k page, physical 134160612k(122350004k free), swap 134977960k(120201144k free)

vm_info: Java HotSpot(TM) 64-Bit Server VM (25.25-b02) for windows-amd64 JRE (1.8.0_25-b18), built on Oct  7 2014 14:25:37 by "java_re" with MS VC++ 10.0 (VS2010)

time: Wed May 13 16:22:40 2015
elapsed time: 33 seconds (0d 0h 0m 33s)

