#
# A fatal error has been detected by the Java Runtime Environment:
#
#  EXCEPTION_ACCESS_VIOLATION (0xc0000005) at pc=0x0000000600000708, pid=9540, tid=9472
#
# JRE version: Java(TM) SE Runtime Environment (8.0_25-b18) (build 1.8.0_25-b18)
# Java VM: Java HotSpot(TM) 64-Bit Server VM (25.25-b02 mixed mode windows-amd64 compressed oops)
# Problematic frame:
# C  0x0000000600000708
#
# Failed to write core dump. Minidumps are not enabled by default on client versions of Windows
#
# If you would like to submit a bug report, please visit:
#   http://bugreport.sun.com/bugreport/crash.jsp
# The crash happened outside the Java Virtual Machine in native code.
# See problematic frame for where to report the bug.
#

---------------  T H R E A D  ---------------

Current thread (0x0000000060f81000):  JavaThread "SwingWorker-pool-2-thread-6" daemon [_thread_in_native, id=9472, stack(0x0000000063700000,0x0000000063800000)]

siginfo: ExceptionCode=0xc0000005, ExceptionInformation=0x0000000000000008 0x0000000600000708

Registers:
RAX=0x00000000605b6050, RBX=0x00000000637febe0, RCX=0x00000000605b3ac0, RDX=0x00000000637feb60
RSP=0x00000000637feaf8, RBP=0x00000000637febc0, RSI=0x00000000605b3ac0, RDI=0x0000000060f811e8
R8 =0x00000000605b3ac0, R9 =0x00000000637febe8, R10=0x0000000002895d68, R11=0x0000000056342810
R12=0x000000013f7ff000, R13=0x000000005710a150, R14=0x00000000637febf8, R15=0x0000000060f81000
RIP=0x0000000600000708, EFLAGS=0x0000000000010202

Top of Stack: (sp=0x00000000637feaf8)
0x00000000637feaf8:   0000000000417bca 00000000637febe0
0x00000000637feb08:   000000006f844390 00000000000000b6
0x00000000637feb18:   0000000060f81000 0000000000000000
0x00000000637feb28:   0000000000000000 0000000002887510
0x00000000637feb38:   0000000002895d94 000000005710a150
0x00000000637feb48:   0000000062dba810 00000008bf884908
0x00000000637feb58:   0000000000000000 00000000637febe0
0x00000000637feb68:   0000000060f81000 00000006c3a44fb0
0x00000000637feb78:   0000000056216251 00000000637feb80
0x00000000637feb88:   0000000000000000 00000000637febf8
0x00000000637feb98:   00000000571118c8 0000000000000000
0x00000000637feba8:   000000005710a150 0000000000000000
0x00000000637febb8:   00000000637febe0 00000000637fec40
0x00000000637febc8:   0000000002887b06 0000000144aee3f8
0x00000000637febd8:   000000000288f798 00000006c3a44fb0
0x00000000637febe8:   00000006c0bd3b90 00000000605b3ac0 

Instructions: (pc=0x0000000600000708)
0x00000006000006e8:   
[error occurred during error reporting (printing registers, top of stack, instructions near pc), id 0xc0000005]

Register to memory mapping:

RAX=0x00000000605b6050 is an unknown value
RBX=0x00000000637febe0 is pointing into the stack for thread: 0x0000000060f81000
RCX=0x00000000605b3ac0 is an unknown value
RDX=0x00000000637feb60 is pointing into the stack for thread: 0x0000000060f81000
RSP=0x00000000637feaf8 is pointing into the stack for thread: 0x0000000060f81000
RBP=0x00000000637febc0 is pointing into the stack for thread: 0x0000000060f81000
RSI=0x00000000605b3ac0 is an unknown value
RDI=0x0000000060f811e8 is an unknown value
R8 =0x00000000605b3ac0 is an unknown value
R9 =0x00000000637febe8 is pointing into the stack for thread: 0x0000000060f81000
R10=0x0000000002895d68 is at code_begin+840 in an Interpreter codelet
method entry point (kind = native)  [0x0000000002895a20, 0x0000000002896380]  2400 bytes
R11=0x0000000056342810 is an unknown value
R12=0x000000013f7ff000 is an unknown value
R13={method} {0x000000005710a158} 'Band_GetNoDataValue' '(JLorg/gdal/gdal/Band;[Ljava/lang/Double;)V' in 'org/gdal/gdal/gdalJNI'
R14=0x00000000637febf8 is pointing into the stack for thread: 0x0000000060f81000
R15=0x0000000060f81000 is a thread


Stack: [0x0000000063700000,0x0000000063800000],  sp=0x00000000637feaf8,  free space=1018k
Native frames: (J=compiled Java code, j=interpreted, Vv=VM code, C=native code)
C  0x0000000600000708

Java frames: (J=compiled Java code, j=interpreted, Vv=VM code)
j  org.gdal.gdal.gdalJNI.Band_GetNoDataValue(JLorg/gdal/gdal/Band;[Ljava/lang/Double;)V+0
j  org.gdal.gdal.Band.GetNoDataValue([Ljava/lang/Double;)V+6
j  org.ku.nicheanalyst.maps.objects.GeoTiffObject.getNoData()D+17
j  org.ku.nicheanalyst.ui.display.worker.ModelThresholdGenerator.doInBackground()Ljava/lang/Void;+750
j  org.ku.nicheanalyst.ui.display.worker.ModelThresholdGenerator.doInBackground()Ljava/lang/Object;+1
j  javax.swing.SwingWorker$1.call()Ljava/lang/Object;+14
J 4103 C2 java.util.concurrent.FutureTask.run()V (126 bytes) @ 0x00000000036b55a4 [0x00000000036b54e0+0xc4]
j  javax.swing.SwingWorker.run()V+4
j  java.util.concurrent.ThreadPoolExecutor.runWorker(Ljava/util/concurrent/ThreadPoolExecutor$Worker;)V+95
j  java.util.concurrent.ThreadPoolExecutor$Worker.run()V+5
j  java.lang.Thread.run()V+11
v  ~StubRoutines::call_stub

---------------  P R O C E S S  ---------------

Java Threads: ( => current thread )
=>0x0000000060f81000 JavaThread "SwingWorker-pool-2-thread-6" daemon [_thread_in_native, id=9472, stack(0x0000000063700000,0x0000000063800000)]
  0x0000000060f78800 JavaThread "SwingWorker-pool-2-thread-5" daemon [_thread_blocked, id=9636, stack(0x000000006fdf0000,0x000000006fef0000)]
  0x0000000060f7e800 JavaThread "SwingWorker-pool-2-thread-4" daemon [_thread_blocked, id=2952, stack(0x00000000754c0000,0x00000000755c0000)]
  0x0000000060f7c800 JavaThread "SwingWorker-pool-2-thread-3" daemon [_thread_blocked, id=7508, stack(0x000000006f900000,0x000000006fa00000)]
  0x0000000060f7b800 JavaThread "SwingWorker-pool-2-thread-2" daemon [_thread_blocked, id=7832, stack(0x00000000732f0000,0x00000000733f0000)]
  0x00000000593b8000 JavaThread "SwingWorker-pool-2-thread-1" daemon [_thread_blocked, id=6340, stack(0x0000000062b30000,0x0000000062c30000)]
  0x00000000593b9000 JavaThread "Swing-Shell" daemon [_thread_blocked, id=9012, stack(0x000000006faa0000,0x000000006fba0000)]
  0x00000000593b7800 JavaThread "J3D-InputDeviceScheduler-1" [_thread_blocked, id=8964, stack(0x000000006d120000,0x000000006d220000)]
  0x00000000593b6800 JavaThread "J3D-SoundSchedulerUpdateThread-1" [_thread_blocked, id=3532, stack(0x000000006cf30000,0x000000006d030000)]
  0x00000000593b6000 JavaThread "J3D-RenderStructureUpdateThread-1" [_thread_blocked, id=3412, stack(0x000000006ccb0000,0x000000006cdb0000)]
  0x00000000593b5000 JavaThread "J3D-BehaviorScheduler-1" [_thread_blocked, id=5124, stack(0x000000006ca40000,0x000000006cb40000)]
  0x00000000593b4800 JavaThread "J3D-TransformStructureUpdateThread-1" [_thread_blocked, id=5848, stack(0x000000006cb80000,0x000000006cc80000)]
  0x00000000593b3800 JavaThread "J3D-RenderingEnvironmentStructureUpdateThread-1" [_thread_blocked, id=8756, stack(0x000000006c930000,0x000000006ca30000)]
  0x00000000593b3000 JavaThread "J3D-SoundStructureUpdateThread-1" [_thread_blocked, id=8428, stack(0x000000006c780000,0x000000006c880000)]
  0x00000000593b2000 JavaThread "J3D-GeometryStructureUpdateThread-1" [_thread_blocked, id=8268, stack(0x000000006c620000,0x000000006c720000)]
  0x00000000593b1800 JavaThread "J3D-BehaviorStructureUpdateThread-1" [_thread_blocked, id=7356, stack(0x000000006c3f0000,0x000000006c4f0000)]
  0x000000006126f000 JavaThread "TimerQueue" daemon [_thread_blocked, id=9348, stack(0x000000006b460000,0x000000006b560000)]
  0x0000000061482000 JavaThread "J3D-Renderer-1" [_thread_blocked, id=3784, stack(0x0000000067490000,0x0000000067590000)]
  0x0000000061493800 JavaThread "J3D-MasterControl-1" [_thread_blocked, id=9328, stack(0x00000000670e0000,0x00000000671e0000)]
  0x0000000061493000 JavaThread "J3D-NotificationThread" [_thread_blocked, id=9532, stack(0x00000000671e0000,0x00000000672e0000)]
  0x0000000060e93000 JavaThread "J3D-TimerThread" [_thread_blocked, id=3980, stack(0x0000000066ea0000,0x0000000066fa0000)]
  0x0000000060e92800 JavaThread "J3D-RenderingAttributesStructureUpdateThread" [_thread_blocked, id=7940, stack(0x0000000066fc0000,0x00000000670c0000)]
  0x0000000002780800 JavaThread "DestroyJavaVM" [_thread_blocked, id=7960, stack(0x0000000002680000,0x0000000002780000)]
  0x0000000060e1e000 JavaThread "AWT-EventQueue-0" [_thread_blocked, id=8632, stack(0x00000000629e0000,0x0000000062ae0000)]
  0x0000000060e1a000 JavaThread "AWT-Windows" daemon [_thread_in_native, id=3464, stack(0x0000000062690000,0x0000000062790000)]
  0x0000000060e18000 JavaThread "AWT-Shutdown" [_thread_blocked, id=2692, stack(0x0000000062580000,0x0000000062680000)]
  0x0000000060e17800 JavaThread "Java2D Disposer" daemon [_thread_blocked, id=9444, stack(0x00000000623f0000,0x00000000624f0000)]
  0x0000000059433000 JavaThread "Service Thread" daemon [_thread_blocked, id=10148, stack(0x000000005ffe0000,0x00000000600e0000)]
  0x00000000593b0000 JavaThread "C1 CompilerThread11" daemon [_thread_blocked, id=6328, stack(0x00000000608b0000,0x00000000609b0000)]
  0x00000000593af000 JavaThread "C1 CompilerThread10" daemon [_thread_blocked, id=6112, stack(0x0000000060690000,0x0000000060790000)]
  0x00000000593ae800 JavaThread "C1 CompilerThread9" daemon [_thread_blocked, id=8548, stack(0x0000000060490000,0x0000000060590000)]
  0x00000000593ad800 JavaThread "C1 CompilerThread8" daemon [_thread_blocked, id=9416, stack(0x000000005fda0000,0x000000005fea0000)]
  0x00000000593ad000 JavaThread "C2 CompilerThread7" daemon [_thread_blocked, id=9360, stack(0x0000000060270000,0x0000000060370000)]
  0x00000000593ac000 JavaThread "C2 CompilerThread6" daemon [_thread_blocked, id=10236, stack(0x000000005f2a0000,0x000000005f3a0000)]
  0x00000000593ab800 JavaThread "C2 CompilerThread5" daemon [_thread_blocked, id=7176, stack(0x0000000060110000,0x0000000060210000)]
  0x00000000593aa800 JavaThread "C2 CompilerThread4" daemon [_thread_blocked, id=8224, stack(0x000000005fea0000,0x000000005ffa0000)]
  0x00000000593aa000 JavaThread "C2 CompilerThread3" daemon [_thread_blocked, id=8812, stack(0x000000005fb70000,0x000000005fc70000)]
  0x0000000059386800 JavaThread "C2 CompilerThread2" daemon [_thread_blocked, id=3600, stack(0x000000005fc70000,0x000000005fd70000)]
  0x000000005935a000 JavaThread "C2 CompilerThread1" daemon [_thread_blocked, id=10144, stack(0x000000005f9c0000,0x000000005fac0000)]
  0x0000000059345000 JavaThread "C2 CompilerThread0" daemon [_thread_blocked, id=7604, stack(0x000000005f840000,0x000000005f940000)]
  0x0000000059343000 JavaThread "Attach Listener" daemon [_thread_blocked, id=7260, stack(0x000000005f680000,0x000000005f780000)]
  0x000000005932f800 JavaThread "Signal Dispatcher" daemon [_thread_blocked, id=6004, stack(0x000000005f580000,0x000000005f680000)]
  0x00000000592eb000 JavaThread "Finalizer" daemon [_thread_blocked, id=9824, stack(0x000000005f3c0000,0x000000005f4c0000)]
  0x00000000592e5000 JavaThread "Reference Handler" daemon [_thread_blocked, id=9800, stack(0x000000005f1a0000,0x000000005f2a0000)]

Other Threads:
  0x0000000056065800 VMThread [stack: 0x000000005efa0000,0x000000005f0a0000] [id=6260]
  0x0000000059433800 WatcherThread [stack: 0x0000000060790000,0x0000000060890000] [id=9496]

VM state:not at safepoint (normal execution)

VM Mutex/Monitor currently owned by a thread: None

Heap:
 PSYoungGen      total 4615680K, used 2228180K [0x000000063f700000, 0x0000000775e00000, 0x00000008bf600000)
  eden space 4185088K, 53% used [0x000000063f700000,0x00000006c76f5068,0x000000073ee00000)
  from space 430592K, 0% used [0x0000000759f80000,0x0000000759f80000,0x0000000774400000)
  to   space 443904K, 0% used [0x000000073ee00000,0x000000073ee00000,0x0000000759f80000)
 ParOldGen       total 1467392K, used 395826K [0x000000013f800000, 0x0000000199100000, 0x000000063f700000)
  object space 1467392K, 26% used [0x000000013f800000,0x0000000157a8c830,0x0000000199100000)
 Metaspace       used 24227K, capacity 24456K, committed 24624K, reserved 1071104K
  class space    used 2759K, capacity 2836K, committed 2864K, reserved 1048576K

Card table byte_map: [0x0000000011c40000,0x0000000015840000] byte_map_base: 0x0000000011244000

Marking Bits: (ParMarkBitMap*) 0x000000005690d490
 Begin Bits: [0x0000000019c30000, 0x0000000037c28000)
 End Bits:   [0x0000000037c28000, 0x0000000055c20000)

Polling page: 0x0000000000350000

CodeCache: size=245760Kb used=18443Kb max_used=18443Kb free=227316Kb
 bounds [0x0000000002880000, 0x0000000003aa0000, 0x0000000011880000]
 total_blobs=5413 nmethods=4603 adapters=717
 compilation: enabled

Compilation events (10 events):
Event: 3799.993 Thread 0x00000000593ae800 5570   !   3       sun.misc.URLClassPath$FileLoader::getResource (164 bytes)
Event: 3799.995 Thread 0x00000000593ae800 nmethod 5570 0x0000000003a90810 code [0x0000000003a90b20, 0x0000000003a927e8]
Event: 3800.003 Thread 0x00000000593af000 5571       1       java.util.zip.ZStreamRef::address (5 bytes)
Event: 3800.004 Thread 0x00000000593af000 nmethod 5571 0x0000000003a84590 code [0x0000000003a846e0, 0x0000000003a84810]
Event: 3800.004 Thread 0x00000000593ad800 5572       3       java.util.jar.JarFile::getManifest (5 bytes)
Event: 3800.004 Thread 0x00000000593ad800 nmethod 5572 0x0000000003a841d0 code [0x0000000003a84340, 0x0000000003a844e8]
Event: 3800.016 Thread 0x00000000593b0000 5573   !   3       java.awt.DefaultKeyboardFocusManager::sendMessage (145 bytes)
Event: 3800.017 Thread 0x00000000593ae800 5574   !   3       java.awt.KeyboardFocusManager::getGlobalActiveWindow (20 bytes)
Event: 3800.017 Thread 0x00000000593ae800 nmethod 5574 0x0000000002bdf150 code [0x0000000002bdf300, 0x0000000002bdf7e8]
Event: 3800.017 Thread 0x00000000593b0000 nmethod 5573 0x0000000003a97a50 code [0x0000000003a97d20, 0x0000000003a99268]

GC Heap History (10 events):
Event: 29.571 GC heap before
{Heap before GC invocations=5 (full 0):
 PSYoungGen      total 1136640K, used 1136617K [0x000000063f700000, 0x000000068a200000, 0x00000008bf600000)
  eden space 1049600K, 100% used [0x000000063f700000,0x000000067f800000,0x000000067f800000)
  from space 87040K, 99% used [0x0000000684d00000,0x000000068a1fa718,0x000000068a200000)
  to   space 87040K, 0% used [0x000000067f800000,0x000000067f800000,0x0000000684d00000)
 ParOldGen       total 1398272K, used 532627K [0x000000013f800000, 0x0000000194d80000, 0x000000063f700000)
  object space 1398272K, 38% used [0x000000013f800000,0x0000000160024fc0,0x0000000194d80000)
 Metaspace       used 20566K, capacity 20712K, committed 20992K, reserved 1067008K
  class space    used 2486K, capacity 2538K, committed 2560K, reserved 1048576K
Event: 29.681 GC heap after
Heap after GC invocations=5 (full 0):
 PSYoungGen      total 1136640K, used 87033K [0x000000063f700000, 0x00000006fb500000, 0x00000008bf600000)
  eden space 1049600K, 0% used [0x000000063f700000,0x000000063f700000,0x000000067f800000)
  from space 87040K, 99% used [0x000000067f800000,0x0000000684cfe6e8,0x0000000684d00000)
  to   space 489472K, 0% used [0x00000006dd700000,0x00000006dd700000,0x00000006fb500000)
 ParOldGen       total 1398272K, used 591395K [0x000000013f800000, 0x0000000194d80000, 0x000000063f700000)
  object space 1398272K, 42% used [0x000000013f800000,0x0000000163988fc0,0x0000000194d80000)
 Metaspace       used 20566K, capacity 20712K, committed 20992K, reserved 1067008K
  class space    used 2486K, capacity 2538K, committed 2560K, reserved 1048576K
}
Event: 30.850 GC heap before
{Heap before GC invocations=6 (full 0):
 PSYoungGen      total 1136640K, used 1136633K [0x000000063f700000, 0x00000006fb500000, 0x00000008bf600000)
  eden space 1049600K, 100% used [0x000000063f700000,0x000000067f800000,0x000000067f800000)
  from space 87040K, 99% used [0x000000067f800000,0x0000000684cfe6e8,0x0000000684d00000)
  to   space 489472K, 0% used [0x00000006dd700000,0x00000006dd700000,0x00000006fb500000)
 ParOldGen       total 1398272K, used 591395K [0x000000013f800000, 0x0000000194d80000, 0x000000063f700000)
  object space 1398272K, 42% used [0x000000013f800000,0x0000000163988fc0,0x0000000194d80000)
 Metaspace       used 20662K, capacity 20776K, committed 20992K, reserved 1067008K
  class space    used 2489K, capacity 2538K, committed 2560K, reserved 1048576K
Event: 30.938 GC heap after
Heap after GC invocations=6 (full 0):
 PSYoungGen      total 2527232K, used 145385K [0x000000063f700000, 0x00000006f7900000, 0x00000008bf600000)
  eden space 2099200K, 0% used [0x000000063f700000,0x000000063f700000,0x00000006bf900000)
  from space 428032K, 33% used [0x00000006dd700000,0x00000006e64fa6f8,0x00000006f7900000)
  to   space 458752K, 0% used [0x00000006bf900000,0x00000006bf900000,0x00000006db900000)
 ParOldGen       total 1398272K, used 591403K [0x000000013f800000, 0x0000000194d80000, 0x000000063f700000)
  object space 1398272K, 42% used [0x000000013f800000,0x000000016398afc0,0x0000000194d80000)
 Metaspace       used 20662K, capacity 20776K, committed 20992K, reserved 1067008K
  class space    used 2489K, capacity 2538K, committed 2560K, reserved 1048576K
}
Event: 33.963 GC heap before
{Heap before GC invocations=7 (full 0):
 PSYoungGen      total 2527232K, used 2244585K [0x000000063f700000, 0x00000006f7900000, 0x00000008bf600000)
  eden space 2099200K, 100% used [0x000000063f700000,0x00000006bf900000,0x00000006bf900000)
  from space 428032K, 33% used [0x00000006dd700000,0x00000006e64fa6f8,0x00000006f7900000)
  to   space 458752K, 0% used [0x00000006bf900000,0x00000006bf900000,0x00000006db900000)
 ParOldGen       total 1398272K, used 591403K [0x000000013f800000, 0x0000000194d80000, 0x000000063f700000)
  object space 1398272K, 42% used [0x000000013f800000,0x000000016398afc0,0x0000000194d80000)
 Metaspace       used 20734K, capacity 20904K, committed 21248K, reserved 1069056K
  class space    used 2490K, capacity 2538K, committed 2560K, reserved 1048576K
Event: 34.248 GC heap after
Heap after GC invocations=7 (full 0):
 PSYoungGen      total 2557952K, used 212576K [0x000000063f700000, 0x0000000774400000, 0x00000008bf600000)
  eden space 2099200K, 0% used [0x000000063f700000,0x000000063f700000,0x00000006bf900000)
  from space 458752K, 46% used [0x00000006bf900000,0x00000006cc898010,0x00000006db900000)
  to   space 430592K, 0% used [0x0000000759f80000,0x0000000759f80000,0x0000000774400000)
 ParOldGen       total 1398272K, used 642722K [0x000000013f800000, 0x0000000194d80000, 0x000000063f700000)
  object space 1398272K, 45% used [0x000000013f800000,0x0000000166ba8838,0x0000000194d80000)
 Metaspace       used 20734K, capacity 20904K, committed 21248K, reserved 1069056K
  class space    used 2490K, capacity 2538K, committed 2560K, reserved 1048576K
}
Event: 38.296 GC heap before
{Heap before GC invocations=8 (full 0):
 PSYoungGen      total 2557952K, used 1948546K [0x000000063f700000, 0x0000000774400000, 0x00000008bf600000)
  eden space 2099200K, 82% used [0x000000063f700000,0x00000006a9648ba0,0x00000006bf900000)
  from space 458752K, 46% used [0x00000006bf900000,0x00000006cc898010,0x00000006db900000)
  to   space 430592K, 0% used [0x0000000759f80000,0x0000000759f80000,0x0000000774400000)
 ParOldGen       total 1398272K, used 642722K [0x000000013f800000, 0x0000000194d80000, 0x000000063f700000)
  object space 1398272K, 45% used [0x000000013f800000,0x0000000166ba8838,0x0000000194d80000)
 Metaspace       used 20969K, capacity 21128K, committed 21296K, reserved 1069056K
  class space    used 2519K, capacity 2570K, committed 2608K, reserved 1048576K
Event: 38.496 GC heap after
Heap after GC invocations=8 (full 0):
 PSYoungGen      total 4615680K, used 292455K [0x000000063f700000, 0x0000000775e00000, 0x00000008bf600000)
  eden space 4185088K, 0% used [0x000000063f700000,0x000000063f700000,0x000000073ee00000)
  from space 430592K, 67% used [0x0000000759f80000,0x000000076bd19c80,0x0000000774400000)
  to   space 443904K, 0% used [0x000000073ee00000,0x000000073ee00000,0x0000000759f80000)
 ParOldGen       total 1398272K, used 654866K [0x000000013f800000, 0x0000000194d80000, 0x000000063f700000)
  object space 1398272K, 46% used [0x000000013f800000,0x0000000167784838,0x0000000194d80000)
 Metaspace       used 20969K, capacity 21128K, committed 21296K, reserved 1069056K
  class space    used 2519K, capacity 2570K, committed 2608K, reserved 1048576K
}
Event: 38.496 GC heap before
{Heap before GC invocations=9 (full 1):
 PSYoungGen      total 4615680K, used 292455K [0x000000063f700000, 0x0000000775e00000, 0x00000008bf600000)
  eden space 4185088K, 0% used [0x000000063f700000,0x000000063f700000,0x000000073ee00000)
  from space 430592K, 67% used [0x0000000759f80000,0x000000076bd19c80,0x0000000774400000)
  to   space 443904K, 0% used [0x000000073ee00000,0x000000073ee00000,0x0000000759f80000)
 ParOldGen       total 1398272K, used 654866K [0x000000013f800000, 0x0000000194d80000, 0x000000063f700000)
  object space 1398272K, 46% used [0x000000013f800000,0x0000000167784838,0x0000000194d80000)
 Metaspace       used 20969K, capacity 21128K, committed 21296K, reserved 1069056K
  class space    used 2519K, capacity 2570K, committed 2608K, reserved 1048576K
Event: 40.419 GC heap after
Heap after GC invocations=9 (full 1):
 PSYoungGen      total 4615680K, used 0K [0x000000063f700000, 0x0000000775e00000, 0x00000008bf600000)
  eden space 4185088K, 0% used [0x000000063f700000,0x000000063f700000,0x000000073ee00000)
  from space 430592K, 0% used [0x0000000759f80000,0x0000000759f80000,0x0000000774400000)
  to   space 443904K, 0% used [0x000000073ee00000,0x000000073ee00000,0x0000000759f80000)
 ParOldGen       total 1467392K, used 395826K [0x000000013f800000, 0x0000000199100000, 0x000000063f700000)
  object space 1467392K, 26% used [0x000000013f800000,0x0000000157a8c830,0x0000000199100000)
 Metaspace       used 20968K, capacity 21126K, committed 21296K, reserved 1069056K
  class space    used 2518K, capacity 2569K, committed 2608K, reserved 1048576K
}

Deoptimization events (10 events):
Event: 3786.673 Thread 0x0000000060e1e000 Uncommon trap: reason=speculate_class_check action=maybe_recompile pc=0x0000000002ee7c8c method=java.awt.LightweightDispatcher.retargetMouseEvent(Ljava/awt/Component;ILjava/awt/event/MouseEvent;)V @ 70
Event: 3787.040 Thread 0x0000000060e1e000 Uncommon trap: reason=class_check action=maybe_recompile pc=0x00000000037857b8 method=java.awt.EventQueue.coalesceEvent(Ljava/awt/AWTEvent;I)Z @ 77
Event: 3787.040 Thread 0x0000000060e1e000 Uncommon trap: reason=class_check action=maybe_recompile pc=0x000000000395c9c8 method=java.awt.LightweightDispatcher.dispatchEvent(Ljava/awt/AWTEvent;)Z @ 44
Event: 3787.040 Thread 0x0000000060e1e000 Uncommon trap: reason=speculate_class_check action=maybe_recompile pc=0x0000000002ee7c8c method=java.awt.LightweightDispatcher.retargetMouseEvent(Ljava/awt/Component;ILjava/awt/event/MouseEvent;)V @ 70
Event: 3787.152 Thread 0x0000000060e1e000 Uncommon trap: reason=class_check action=maybe_recompile pc=0x00000000037857b8 method=java.awt.EventQueue.coalesceEvent(Ljava/awt/AWTEvent;I)Z @ 77
Event: 3787.152 Thread 0x0000000060e1e000 Uncommon trap: reason=class_check action=maybe_recompile pc=0x000000000395c9c8 method=java.awt.LightweightDispatcher.dispatchEvent(Ljava/awt/AWTEvent;)Z @ 44
Event: 3787.152 Thread 0x0000000060e1e000 Uncommon trap: reason=speculate_class_check action=maybe_recompile pc=0x0000000002ee7c8c method=java.awt.LightweightDispatcher.retargetMouseEvent(Ljava/awt/Component;ILjava/awt/event/MouseEvent;)V @ 70
Event: 3792.471 Thread 0x0000000060e1e000 Uncommon trap: reason=class_check action=maybe_recompile pc=0x00000000037857b8 method=java.awt.EventQueue.coalesceEvent(Ljava/awt/AWTEvent;I)Z @ 77
Event: 3792.471 Thread 0x0000000060e1e000 Uncommon trap: reason=class_check action=maybe_recompile pc=0x000000000395c9c8 method=java.awt.LightweightDispatcher.dispatchEvent(Ljava/awt/AWTEvent;)Z @ 44
Event: 3792.471 Thread 0x0000000060e1e000 Uncommon trap: reason=speculate_class_check action=maybe_recompile pc=0x0000000002ee7c8c method=java.awt.LightweightDispatcher.retargetMouseEvent(Ljava/awt/Component;ILjava/awt/event/MouseEvent;)V @ 70

Internal exceptions (10 events):
Event: 3800.013 Thread 0x0000000060f81000 Exception <a 'java/security/PrivilegedActionException'> (0x00000006c3a0ca38) thrown at [D:\re\workspace\8-2-build-windows-amd64-cygwin\jdk8u25\1677\hotspot\src\share\vm\prims\jvm.cpp, line 1312]
Event: 3800.013 Thread 0x0000000060f81000 Exception <a 'java/security/PrivilegedActionException'> (0x00000006c3a11b78) thrown at [D:\re\workspace\8-2-build-windows-amd64-cygwin\jdk8u25\1677\hotspot\src\share\vm\prims\jvm.cpp, line 1312]
Event: 3800.014 Thread 0x0000000060f81000 Exception <a 'java/security/PrivilegedActionException'> (0x00000006c3a16d28) thrown at [D:\re\workspace\8-2-build-windows-amd64-cygwin\jdk8u25\1677\hotspot\src\share\vm\prims\jvm.cpp, line 1312]
Event: 3800.014 Thread 0x0000000060f81000 Exception <a 'java/security/PrivilegedActionException'> (0x00000006c3a1b9d8) thrown at [D:\re\workspace\8-2-build-windows-amd64-cygwin\jdk8u25\1677\hotspot\src\share\vm\prims\jvm.cpp, line 1312]
Event: 3800.015 Thread 0x0000000060f81000 Exception <a 'java/security/PrivilegedActionException'> (0x00000006c3a20450) thrown at [D:\re\workspace\8-2-build-windows-amd64-cygwin\jdk8u25\1677\hotspot\src\share\vm\prims\jvm.cpp, line 1312]
Event: 3800.015 Thread 0x0000000060f81000 Exception <a 'java/security/PrivilegedActionException'> (0x00000006c3a27638) thrown at [D:\re\workspace\8-2-build-windows-amd64-cygwin\jdk8u25\1677\hotspot\src\share\vm\prims\jvm.cpp, line 1312]
Event: 3800.016 Thread 0x0000000060f81000 Exception <a 'java/security/PrivilegedActionException'> (0x00000006c3a2b9c0) thrown at [D:\re\workspace\8-2-build-windows-amd64-cygwin\jdk8u25\1677\hotspot\src\share\vm\prims\jvm.cpp, line 1312]
Event: 3800.017 Thread 0x0000000060f81000 Exception <a 'java/security/PrivilegedActionException'> (0x00000006c3a31cc0) thrown at [D:\re\workspace\8-2-build-windows-amd64-cygwin\jdk8u25\1677\hotspot\src\share\vm\prims\jvm.cpp, line 1312]
Event: 3800.017 Thread 0x0000000060f81000 Exception <a 'java/security/PrivilegedActionException'> (0x00000006c3a390c0) thrown at [D:\re\workspace\8-2-build-windows-amd64-cygwin\jdk8u25\1677\hotspot\src\share\vm\prims\jvm.cpp, line 1312]
Event: 3800.018 Thread 0x0000000060f81000 Exception <a 'java/security/PrivilegedActionException'> (0x00000006c3a3e028) thrown at [D:\re\workspace\8-2-build-windows-amd64-cygwin\jdk8u25\1677\hotspot\src\share\vm\prims\jvm.cpp, line 1312]

Events (10 events):
Event: 3800.017 loading class org/apache/commons/math3/stat/descriptive/moment/Variance
Event: 3800.017 loading class org/apache/commons/math3/stat/descriptive/moment/Variance done
Event: 3800.017 loading class org/apache/commons/math3/stat/descriptive/summary/SumOfSquares
Event: 3800.017 loading class org/apache/commons/math3/stat/descriptive/summary/SumOfSquares done
Event: 3800.018 Executing VM operation: RevokeBias
Event: 3800.018 Executing VM operation: RevokeBias done
Event: 3800.018 Executing VM operation: RevokeBias
Event: 3800.018 Executing VM operation: RevokeBias done
Event: 3800.018 loading class org/apache/commons/math3/stat/descriptive/summary/Sum
Event: 3800.018 loading class org/apache/commons/math3/stat/descriptive/summary/Sum done


Dynamic libraries:
0x000000013f470000 - 0x000000013f4a4000 	C:\Program Files\Java\jre1.8.0_25\bin\javaw.exe
0x0000000077390000 - 0x0000000077538000 	C:\Windows\SYSTEM32\ntdll.dll
0x0000000077170000 - 0x000000007728f000 	C:\Windows\system32\kernel32.dll
0x000007fefd300000 - 0x000007fefd36c000 	C:\Windows\system32\KERNELBASE.dll
0x000007fefda30000 - 0x000007fefdb0b000 	C:\Windows\system32\ADVAPI32.dll
0x000007feff210000 - 0x000007feff2af000 	C:\Windows\system32\msvcrt.dll
0x000007fefd770000 - 0x000007fefd78f000 	C:\Windows\SYSTEM32\sechost.dll
0x000007fefd5f0000 - 0x000007fefd71d000 	C:\Windows\system32\RPCRT4.dll
0x0000000077290000 - 0x000000007738a000 	C:\Windows\system32\USER32.dll
0x000007fefd7b0000 - 0x000007fefd817000 	C:\Windows\system32\GDI32.dll
0x000007fefdeb0000 - 0x000007fefdebe000 	C:\Windows\system32\LPK.dll
0x000007fefd820000 - 0x000007fefd8e9000 	C:\Windows\system32\USP10.dll
0x000007fefbaa0000 - 0x000007fefbc94000 	C:\Windows\WinSxS\amd64_microsoft.windows.common-controls_6595b64144ccf1df_6.0.7601.17514_none_fa396087175ac9ac\COMCTL32.dll
0x000007fefdf40000 - 0x000007fefdfb1000 	C:\Windows\system32\SHLWAPI.dll
0x000007fefdd60000 - 0x000007fefdd8e000 	C:\Windows\system32\IMM32.DLL
0x000007fefdd90000 - 0x000007fefde99000 	C:\Windows\system32\MSCTF.dll
0x00000000590a0000 - 0x0000000059172000 	C:\Program Files\Java\jre1.8.0_25\bin\msvcr100.dll
0x0000000056130000 - 0x000000005698a000 	C:\Program Files\Java\jre1.8.0_25\bin\server\jvm.dll
0x000007fef4690000 - 0x000007fef4699000 	C:\Windows\system32\WSOCK32.dll
0x000007fefd720000 - 0x000007fefd76d000 	C:\Windows\system32\WS2_32.dll
0x000007fefdea0000 - 0x000007fefdea8000 	C:\Windows\system32\NSI.dll
0x000007fefa6a0000 - 0x000007fefa6db000 	C:\Windows\system32\WINMM.dll
0x0000000077550000 - 0x0000000077557000 	C:\Windows\system32\PSAPI.DLL
0x00000000734a0000 - 0x00000000734af000 	C:\Program Files\Java\jre1.8.0_25\bin\verify.dll
0x0000000059bc0000 - 0x0000000059be8000 	C:\Program Files\Java\jre1.8.0_25\bin\java.dll
0x0000000059ba0000 - 0x0000000059bb6000 	C:\Program Files\Java\jre1.8.0_25\bin\zip.dll
0x000007fefe420000 - 0x000007feff1a9000 	C:\Windows\system32\SHELL32.dll
0x000007feff490000 - 0x000007feff693000 	C:\Windows\system32\ole32.dll
0x000007fefd160000 - 0x000007fefd16f000 	C:\Windows\system32\profapi.dll
0x0000000062180000 - 0x0000000062318000 	C:\Program Files\Java\jre1.8.0_25\bin\awt.dll
0x000007fefd510000 - 0x000007fefd5e7000 	C:\Windows\system32\OLEAUT32.dll
0x000007fefb890000 - 0x000007fefb8e6000 	C:\Windows\system32\uxtheme.dll
0x000007fefb460000 - 0x000007fefb478000 	C:\Windows\system32\dwmapi.dll
0x000007fefcff0000 - 0x000007fefcfff000 	C:\Windows\system32\CRYPTBASE.dll
0x0000000000400000 - 0x000000000044a000 	C:\Program Files\Niche Analyst 3.0\supports\gdal\bin\gdal\java\gdaljni.dll
0x00000000638c0000 - 0x0000000064313000 	C:\Program Files\Niche Analyst 3.0\supports\gdal\bin\gdal18.dll
0x0000000064320000 - 0x00000000646ba000 	C:\Program Files\Niche Analyst 3.0\supports\gdal\bin\xerces-c_2_8.dll
0x0000000018e30000 - 0x0000000018ef9000 	C:\Windows\WinSxS\amd64_microsoft.vc80.crt_1fc8b3b9a1e18e3b_8.0.50727.6195_none_88e41e092fab0294\MSVCR80.dll
0x0000000002630000 - 0x0000000002655000 	C:\Program Files\Niche Analyst 3.0\supports\gdal\bin\libexpat.dll
0x0000000018040000 - 0x000000001806b000 	C:\Program Files\Niche Analyst 3.0\supports\gdal\bin\LIBPQ.dll
0x000007fefb0a0000 - 0x000007fefb0a7000 	C:\Windows\system32\SHFOLDER.dll
0x000007fefcb80000 - 0x000007fefcb8b000 	C:\Windows\system32\Secur32.dll
0x000007fefcf50000 - 0x000007fefcf75000 	C:\Windows\system32\SSPICLI.DLL
0x0000000018070000 - 0x00000000180d1000 	C:\Program Files\Intel\iCLS Client\SSLEAY32.dll
0x00000000646c0000 - 0x0000000064854000 	C:\Program Files\Intel\iCLS Client\LIBEAY32.dll
0x0000000064860000 - 0x00000000649bd000 	C:\Program Files\Niche Analyst 3.0\supports\gdal\bin\spatialite.dll
0x00000000181e0000 - 0x0000000018230000 	C:\Program Files\Niche Analyst 3.0\supports\gdal\bin\proj.dll
0x00000000649c0000 - 0x0000000064bfc000 	C:\Program Files\Niche Analyst 3.0\supports\gdal\bin\geos_c.dll
0x0000000060370000 - 0x0000000060479000 	C:\Windows\WinSxS\amd64_microsoft.vc80.crt_1fc8b3b9a1e18e3b_8.0.50727.6195_none_88e41e092fab0294\MSVCP80.dll
0x0000000019020000 - 0x0000000019104000 	C:\Program Files\Niche Analyst 3.0\supports\gdal\bin\iconv.dll
0x0000000064c00000 - 0x0000000064ed7000 	C:\Program Files\Niche Analyst 3.0\supports\gdal\bin\LIBMYSQL.dll
0x0000000018340000 - 0x000000001839b000 	C:\Program Files\Niche Analyst 3.0\supports\gdal\bin\libcurl.dll
0x00000000184c0000 - 0x00000000184d7000 	C:\Program Files\Niche Analyst 3.0\supports\gdal\bin\zlib1.dll
0x000007feef020000 - 0x000007feef0d1000 	C:\Windows\system32\ODBC32.dll
0x00000000184e0000 - 0x0000000018509000 	C:\Program Files\Niche Analyst 3.0\supports\gdal\bin\openjpeg.dll
0x0000000018510000 - 0x0000000018548000 	C:\Windows\system32\odbcint.dll
0x0000000073470000 - 0x0000000073477000 	C:\Program Files\Java\jre1.8.0_25\bin\jawt.dll
0x0000000018760000 - 0x000000001879e000 	C:\Program Files\Niche Analyst 3.0\supports\gdal\bin\gdal\java\j3dcore-ogl.dll
0x000007fed7cb0000 - 0x000007fed7dcd000 	C:\Windows\system32\OPENGL32.dll
0x000007fee86f0000 - 0x000007fee871d000 	C:\Windows\system32\GLU32.dll
0x000007fed7bb0000 - 0x000007fed7ca1000 	C:\Windows\system32\DDRAW.dll
0x000007fef6890000 - 0x000007fef6898000 	C:\Windows\system32\DCIMAN32.dll
0x000007feff2b0000 - 0x000007feff487000 	C:\Windows\system32\SETUPAPI.dll
0x000007fefd2b0000 - 0x000007fefd2e6000 	C:\Windows\system32\CFGMGR32.dll
0x000007fefd4f0000 - 0x000007fefd50a000 	C:\Windows\system32\DEVOBJ.dll
0x0000000068d20000 - 0x000000006abf9000 	C:\Windows\system32\nvoglv64.DLL
0x000007fefc3a0000 - 0x000007fefc3b1000 	C:\Windows\system32\WTSAPI32.dll
0x000007fefc620000 - 0x000007fefc62c000 	C:\Windows\system32\VERSION.dll
0x000007fefd170000 - 0x000007fefd1ab000 	C:\Windows\system32\WINTRUST.dll
0x000007fefd370000 - 0x000007fefd4dd000 	C:\Windows\system32\CRYPT32.dll
0x000007fefd150000 - 0x000007fefd15f000 	C:\Windows\system32\MSASN1.dll
0x000007fefba70000 - 0x000007fefba9d000 	C:\Windows\system32\ntmarta.dll
0x000007feff1b0000 - 0x000007feff202000 	C:\Windows\system32\WLDAP32.dll
0x000007fefc4e0000 - 0x000007fefc51d000 	C:\Windows\system32\WINSTA.dll
0x0000000018cc0000 - 0x0000000018d07000 	C:\Program Files\Java\jre1.8.0_25\bin\fontmanager.dll
0x00000000188d0000 - 0x00000000188ea000 	C:\Program Files\Java\jre1.8.0_25\bin\net.dll
0x000007fefc910000 - 0x000007fefc965000 	C:\Windows\system32\mswsock.dll
0x000007fefca90000 - 0x000007fefca97000 	C:\Windows\System32\wship6.dll
0x0000000059080000 - 0x0000000059091000 	C:\Program Files\Java\jre1.8.0_25\bin\nio.dll
0x00000000194f0000 - 0x0000000019531000 	C:\Program Files\Java\jre1.8.0_25\bin\t2k.dll
0x000007fefd8f0000 - 0x000007fefd989000 	C:\Windows\system32\CLBCatQ.DLL
0x000007fefb2b0000 - 0x000007fefb411000 	C:\Windows\system32\WindowsCodecs.dll
0x000007fefcf90000 - 0x000007fefcfe7000 	C:\Windows\system32\apphelp.dll
0x000007fef51b0000 - 0x000007fef51e1000 	C:\Users\Huijie Qiao\AppData\Roaming\Dropbox\bin\DropboxExt64.25.dll
0x000007fef5170000 - 0x000007fef51a5000 	C:\Windows\system32\EhStorShell.dll
0x000007fefb8f0000 - 0x000007fefba1c000 	C:\Windows\system32\PROPSYS.dll
0x000007fef50f0000 - 0x000007fef516e000 	C:\Windows\System32\cscui.dll
0x000007fef5df0000 - 0x000007fef5dfc000 	C:\Windows\System32\CSCDLL.dll
0x000007fef6cc0000 - 0x000007fef6ccf000 	C:\Windows\system32\CSCAPI.dll
0x000007fef5070000 - 0x000007fef50f0000 	C:\Windows\system32\ntshrui.dll
0x000007fefcae0000 - 0x000007fefcb03000 	C:\Windows\system32\srvcli.dll
0x000007fefa430000 - 0x000007fefa43b000 	C:\Windows\system32\slc.dll
0x000007fef9800000 - 0x000007fef98a0000 	C:\Windows\WinSxS\amd64_microsoft.windows.common-controls_6595b64144ccf1df_5.82.7601.18201_none_a4d3b9377117c3df\comctl32.dll
0x000007fef43d0000 - 0x000007fef456c000 	C:\Windows\system32\NetworkExplorer.dll
0x000007fef4e50000 - 0x000007fef4e84000 	C:\Windows\System32\shdocvw.dll
0x000007fef5b40000 - 0x000007fef5b58000 	C:\Windows\system32\MPR.dll
0x000007fef5b30000 - 0x000007fef5b3a000 	C:\Windows\System32\drprov.dll
0x000007fef5b00000 - 0x000007fef5b22000 	C:\Windows\System32\ntlanman.dll
0x000007fef5ae0000 - 0x000007fef5afd000 	C:\Windows\System32\davclnt.dll
0x000007fef7fe0000 - 0x000007fef7fea000 	C:\Windows\System32\DAVHLPR.dll
0x000007fefab90000 - 0x000007fefaba5000 	C:\Windows\system32\wkscli.dll
0x000007fefabb0000 - 0x000007fefabbc000 	C:\Windows\system32\netutils.dll
0x000007fed7eb0000 - 0x000007fed8121000 	C:\Windows\system32\wpdshext.dll
0x000007fefb670000 - 0x000007fefb886000 	C:\Windows\WinSxS\amd64_microsoft.windows.gdiplus_6595b64144ccf1df_1.1.7601.18455_none_2b283fd671e9bf4d\gdiplus.dll
0x000007fef6940000 - 0x000007fef69fd000 	C:\Windows\system32\PortableDeviceApi.dll
0x000007fef05f0000 - 0x000007fef0617000 	C:\Windows\system32\EhStorAPI.dll
0x000007fef4e40000 - 0x000007fef4e4c000 	C:\Windows\system32\LINKINFO.dll
0x0000000059af0000 - 0x0000000059afd000 	C:\Program Files\Niche Analyst 3.0\supports\gdal\bin\gdal\java\gdalconstjni.dll
0x000007fee4700000 - 0x000007fee4825000 	C:\Windows\system32\dbghelp.dll

VM Arguments:
jvm_args: -Dfile.encoding=UTF-8 
java_command: org.ku.nicheanalyst.ui.display.Displayer
java_class_path (initial): D:\Programs\NicheA\bin;D:\eclipse\plugins\org.junit_4.11.0.v201303080030\junit.jar;D:\eclipse\plugins\org.hamcrest.core_1.3.0.v201303031735.jar;D:\Programs\NicheA\libs\commons-lang3-3.1.jar;D:\Programs\NicheA\libs\jdom-1.0.jar;D:\Programs\NicheA\libs\gdal.jar;D:\Programs\NicheA\libs\jproj.jar;D:\Programs\NicheA\libs\weka.jar;D:\Programs\NicheA\libs\mysql-connector-java-5.1.6-bin.jar;D:\Programs\NicheA\libs\commons-math3-3.1.1.jar;D:\Programs\NicheA\libs\xmpcore.jar;D:\Programs\NicheA\libs\jfreechart-1.0.17.jar;D:\Programs\NicheA\libs\jfreesvg-1.4.jar;D:\Programs\NicheA\libs\commons-io-2.4.jar;D:\Programs\NicheA\libs\j3dcore.jar;D:\Programs\NicheA\libs\j3dutils.jar;D:\Programs\NicheA\libs\vecmath.jar;D:\Programs\NicheA\libs\jai_codec.jar;D:\Programs\NicheA\libs\jai_core.jar;D:\Programs\NicheA\libs\gluegen-rt.jar;D:\Programs\NicheA\libs\gluegen.jar;D:\Programs\NicheA\libs\joal.jar;D:\Programs\NicheA\libs\jocl.jar;D:\Programs\NicheA\libs\jogl-all.jar;D:\Programs\NicheA\libs\appbundler-1.0.jar;D:\Programs\NicheA\libs\gluegen-rt-natives-macosx-universal.jar;D:\Programs\NicheA\libs\joal-natives-macosx-universal.jar;D:\Programs\NicheA\libs\jocl-natives-macosx-universal.jar;D:\Programs\NicheA\libs\jogl-all-natives-macosx-universal.jar;D:\Programs\NicheA\libs\lobo-pub.jar;D:\Programs\NicheA\libs\lobo.jar;D:\Programs\NicheA\libs\jcommon-1.0.21.jar;D:\Programs\NicheA\libs\metadata-extractor-2.6.4.jar;D:\Programs\NicheA\libs\cobra-gp-0.98.5.jar;D:\Programs\NicheA\libs\cobra.jar;D:\Programs\NicheA\libs\js.jar
Launcher Type: SUN_STANDARD

Environment Variables:
PATH=C:\Python27\ArcGIS10.1;C:\ProgramData\Oracle\Java\javapath;C:\Program Files (x86)\Intel\iCLS Client\;C:\Program Files\Intel\iCLS Client\;C:\Windows\system32;C:\Windows;C:\Windows\System32\Wbem;C:\Windows\System32\WindowsPowerShell\v1.0\;C:\Program Files\Intel\Intel(R) Management Engine Components\DAL;C:\Program Files\Intel\Intel(R) Management Engine Components\IPT;C:\Program Files (x86)\Intel\Intel(R) Management Engine Components\DAL;C:\Program Files (x86)\Intel\Intel(R) Management Engine Components\IPT;C:\Program Files\Niche Analyst 3.0\supports\gdal\bin\gdal\plugins;C:\Program Files\Niche Analyst 3.0\supports\gdal\bin;C:\Program Files\Niche Analyst 3.0\supports\gdal\bin\gdal\java;C:\Program Files\Niche Analyst 3.0\supports\java3d
USERNAME=Huijie Qiao
OS=Windows_NT
PROCESSOR_IDENTIFIER=Intel64 Family 6 Model 62 Stepping 4, GenuineIntel



---------------  S Y S T E M  ---------------

OS: Windows 7 , 64 bit Build 7601 Service Pack 1

CPU:total 24 (6 cores per cpu, 2 threads per core) family 6 model 62 stepping 4, cmov, cx8, fxsr, mmx, sse, sse2, sse3, ssse3, sse4.1, sse4.2, popcnt, avx, aes, clmul, erms, ht, tsc, tscinvbit

Memory: 4k page, physical 134160612k(116986720k free), swap 134977960k(110470412k free)

vm_info: Java HotSpot(TM) 64-Bit Server VM (25.25-b02) for windows-amd64 JRE (1.8.0_25-b18), built on Oct  7 2014 14:25:37 by "java_re" with MS VC++ 10.0 (VS2010)

time: Wed May 13 16:20:47 2015
elapsed time: 3800 seconds (0d 1h 3m 20s)

